{"numTotalTestSuites":24,"numPassedTestSuites":11,"numFailedTestSuites":13,"numPendingTestSuites":0,"numTotalTests":43,"numPassedTests":40,"numFailedTests":3,"numPendingTests":0,"numTodoTests":0,"snapshot":{"added":0,"failure":false,"filesAdded":0,"filesRemoved":0,"filesRemovedList":[],"filesUnmatched":0,"filesUpdated":0,"matched":0,"total":0,"unchecked":0,"uncheckedKeysByFile":[],"unmatched":0,"updated":0,"didUpdate":false},"startTime":1773718380918,"success":false,"testResults":[{"assertionResults":[],"startTime":1773718380918,"endTime":1773718380918,"status":"failed","message":"Playwright Test did not expect test.describe() to be called here.\nMost common reasons include:\n- You are calling test.describe() in a configuration file.\n- You are calling test.describe() in a file that is imported by the configuration file.\n- You have two different versions of @playwright/test. This usually happens\n  when one of the dependencies in your package.json depends on @playwright/test.","name":"/mnt/c/Users/danie/Documents/Projects/QuantMate/quantmate-portal/e2e/auth.spec.ts"},{"assertionResults":[],"startTime":1773718380918,"endTime":1773718380918,"status":"failed","message":"Playwright Test did not expect test.describe() to be called here.\nMost common reasons include:\n- You are calling test.describe() in a configuration file.\n- You are calling test.describe() in a file that is imported by the configuration file.\n- You have two different versions of @playwright/test. This usually happens\n  when one of the dependencies in your package.json depends on @playwright/test.","name":"/mnt/c/Users/danie/Documents/Projects/QuantMate/quantmate-portal/e2e/backtest.spec.ts"},{"assertionResults":[],"startTime":1773718380918,"endTime":1773718380918,"status":"failed","message":"Playwright Test did not expect test.describe() to be called here.\nMost common reasons include:\n- You are calling test.describe() in a configuration file.\n- You are calling test.describe() in a file that is imported by the configuration file.\n- You have two different versions of @playwright/test. This usually happens\n  when one of the dependencies in your package.json depends on @playwright/test.","name":"/mnt/c/Users/danie/Documents/Projects/QuantMate/quantmate-portal/e2e/strategies.spec.ts"},{"assertionResults":[],"startTime":1773718380918,"endTime":1773718380918,"status":"failed","message":"Failed to resolve import \"../../test/mockData\" from \"src/pages/Dashboard.test.tsx\". Does the file exist?","name":"/mnt/c/Users/danie/Documents/Projects/QuantMate/quantmate-portal/src/pages/Dashboard.test.tsx"},{"assertionResults":[],"startTime":1773718380918,"endTime":1773718380918,"status":"failed","message":"Failed to resolve import \"../../test/mockData\" from \"src/components/AnalyticsDashboard.test.tsx\". Does the file exist?","name":"/mnt/c/Users/danie/Documents/Projects/QuantMate/quantmate-portal/src/components/AnalyticsDashboard.test.tsx"},{"assertionResults":[],"startTime":1773718380918,"endTime":1773718380918,"status":"failed","message":"Failed to resolve import \"../../test/mockData\" from \"src/components/BacktestForm.test.tsx\". Does the file exist?","name":"/mnt/c/Users/danie/Documents/Projects/QuantMate/quantmate-portal/src/components/BacktestForm.test.tsx"},{"assertionResults":[],"startTime":1773718380918,"endTime":1773718380918,"status":"failed","message":"Failed to resolve import \"../../test/mockData\" from \"src/components/PortfolioManagement.test.tsx\". Does the file exist?","name":"/mnt/c/Users/danie/Documents/Projects/QuantMate/quantmate-portal/src/components/PortfolioManagement.test.tsx"},{"assertionResults":[],"startTime":1773718380918,"endTime":1773718380918,"status":"failed","message":"Failed to resolve import \"../../test/mockData\" from \"src/components/StrategyList.test.tsx\". Does the file exist?","name":"/mnt/c/Users/danie/Documents/Projects/QuantMate/quantmate-portal/src/components/StrategyList.test.tsx"},{"assertionResults":[],"startTime":1773718380918,"endTime":1773718380918,"status":"failed","message":"Failed to resolve import \"../auth\" from \"src/stores/auth.test.ts\". Does the file exist?","name":"/mnt/c/Users/danie/Documents/Projects/QuantMate/quantmate-portal/src/stores/auth.test.ts"},{"assertionResults":[{"ancestorTitles":["API Client","Auth API"],"fullName":"API Client Auth API has login endpoint","status":"passed","title":"has login endpoint","duration":3.445054000003438,"failureMessages":[],"meta":{}},{"ancestorTitles":["API Client","Auth API"],"fullName":"API Client Auth API has register endpoint","status":"passed","title":"has register endpoint","duration":1.1529829999999492,"failureMessages":[],"meta":{}},{"ancestorTitles":["API Client","Auth API"],"fullName":"API Client Auth API has me endpoint","status":"passed","title":"has me endpoint","duration":0.5735710000008112,"failureMessages":[],"meta":{}},{"ancestorTitles":["API Client","Auth API"],"fullName":"API Client Auth API has refresh endpoint","status":"passed","title":"has refresh endpoint","duration":0.5191039999990608,"failureMessages":[],"meta":{}},{"ancestorTitles":["API Client","Strategies API"],"fullName":"API Client Strategies API has list endpoint","status":"passed","title":"has list endpoint","duration":0.5945129999963683,"failureMessages":[],"meta":{}},{"ancestorTitles":["API Client","Strategies API"],"fullName":"API Client Strategies API has get endpoint","status":"passed","title":"has get endpoint","duration":0.37140699999872595,"failureMessages":[],"meta":{}},{"ancestorTitles":["API Client","Strategies API"],"fullName":"API Client Strategies API has create endpoint","status":"passed","title":"has create endpoint","duration":0.4681600000039907,"failureMessages":[],"meta":{}},{"ancestorTitles":["API Client","Strategies API"],"fullName":"API Client Strategies API has update endpoint","status":"passed","title":"has update endpoint","duration":0.3854009999995469,"failureMessages":[],"meta":{}},{"ancestorTitles":["API Client","Strategies API"],"fullName":"API Client Strategies API has delete endpoint","status":"passed","title":"has delete endpoint","duration":0.4510450000016135,"failureMessages":[],"meta":{}},{"ancestorTitles":["API Client","Strategies API"],"fullName":"API Client Strategies API has listBuiltin endpoint","status":"passed","title":"has listBuiltin endpoint","duration":0.42275399999925867,"failureMessages":[],"meta":{}},{"ancestorTitles":["API Client","Backtest API"],"fullName":"API Client Backtest API has submit endpoint","status":"passed","title":"has submit endpoint","duration":0.416813000003458,"failureMessages":[],"meta":{}},{"ancestorTitles":["API Client","Backtest API"],"fullName":"API Client Backtest API has submitBatch endpoint","status":"passed","title":"has submitBatch endpoint","duration":0.300931000005221,"failureMessages":[],"meta":{}},{"ancestorTitles":["API Client","Backtest API"],"fullName":"API Client Backtest API has getStatus endpoint","status":"passed","title":"has getStatus endpoint","duration":0.2533100000000559,"failureMessages":[],"meta":{}},{"ancestorTitles":["API Client","Backtest API"],"fullName":"API Client Backtest API has getHistory endpoint","status":"passed","title":"has getHistory endpoint","duration":0.26710299999831477,"failureMessages":[],"meta":{}},{"ancestorTitles":["API Client","Backtest API"],"fullName":"API Client Backtest API has cancel endpoint","status":"passed","title":"has cancel endpoint","duration":0.2534100000048056,"failureMessages":[],"meta":{}},{"ancestorTitles":["API Client","Queue API"],"fullName":"API Client Queue API has getStats endpoint","status":"passed","title":"has getStats endpoint","duration":0.2084069999982603,"failureMessages":[],"meta":{}},{"ancestorTitles":["API Client","Queue API"],"fullName":"API Client Queue API has listJobs endpoint","status":"passed","title":"has listJobs endpoint","duration":0.24243600000045262,"failureMessages":[],"meta":{}},{"ancestorTitles":["API Client","Queue API"],"fullName":"API Client Queue API has getJob endpoint","status":"passed","title":"has getJob endpoint","duration":0.15303300000232412,"failureMessages":[],"meta":{}},{"ancestorTitles":["API Client","Queue API"],"fullName":"API Client Queue API has cancelJob endpoint","status":"passed","title":"has cancelJob endpoint","duration":0.14628699999593664,"failureMessages":[],"meta":{}},{"ancestorTitles":["API Client","Queue API"],"fullName":"API Client Queue API has deleteJob endpoint","status":"passed","title":"has deleteJob endpoint","duration":0.22350900000310503,"failureMessages":[],"meta":{}},{"ancestorTitles":["API Client","Market Data API"],"fullName":"API Client Market Data API has symbols endpoint","status":"passed","title":"has symbols endpoint","duration":0.2368990000031772,"failureMessages":[],"meta":{}},{"ancestorTitles":["API Client","Market Data API"],"fullName":"API Client Market Data API has history endpoint","status":"passed","title":"has history endpoint","duration":0.31361699999979464,"failureMessages":[],"meta":{}},{"ancestorTitles":["API Client","Market Data API"],"fullName":"API Client Market Data API has indicators endpoint","status":"passed","title":"has indicators endpoint","duration":0.3423110000003362,"failureMessages":[],"meta":{}},{"ancestorTitles":["API Client","Market Data API"],"fullName":"API Client Market Data API has overview endpoint","status":"passed","title":"has overview endpoint","duration":0.3157310000024154,"failureMessages":[],"meta":{}},{"ancestorTitles":["API Client","Market Data API"],"fullName":"API Client Market Data API has sectors endpoint","status":"passed","title":"has sectors endpoint","duration":0.19743300000118325,"failureMessages":[],"meta":{}},{"ancestorTitles":["API Client","Analytics API"],"fullName":"API Client Analytics API has dashboard endpoint","status":"passed","title":"has dashboard endpoint","duration":0.24384599999757484,"failureMessages":[],"meta":{}},{"ancestorTitles":["API Client","Analytics API"],"fullName":"API Client Analytics API has riskMetrics endpoint","status":"passed","title":"has riskMetrics endpoint","duration":0.15987899999890942,"failureMessages":[],"meta":{}},{"ancestorTitles":["API Client","Analytics API"],"fullName":"API Client Analytics API has compare endpoint","status":"passed","title":"has compare endpoint","duration":0.20276900000317255,"failureMessages":[],"meta":{}},{"ancestorTitles":["API Client","Portfolio API"],"fullName":"API Client Portfolio API has positions endpoint","status":"passed","title":"has positions endpoint","duration":0.2200860000011744,"failureMessages":[],"meta":{}},{"ancestorTitles":["API Client","Portfolio API"],"fullName":"API Client Portfolio API has closedTrades endpoint","status":"passed","title":"has closedTrades endpoint","duration":0.16360400000121444,"failureMessages":[],"meta":{}},{"ancestorTitles":["API Client","Portfolio API"],"fullName":"API Client Portfolio API has closePosition endpoint","status":"passed","title":"has closePosition endpoint","duration":0.141858000002685,"failureMessages":[],"meta":{}},{"ancestorTitles":["API Client","Optimization API"],"fullName":"API Client Optimization API has submit endpoint","status":"passed","title":"has submit endpoint","duration":0.19058699999732198,"failureMessages":[],"meta":{}},{"ancestorTitles":["API Client","Optimization API"],"fullName":"API Client Optimization API has getStatus endpoint","status":"passed","title":"has getStatus endpoint","duration":0.15091799999936484,"failureMessages":[],"meta":{}},{"ancestorTitles":["API Client","Optimization API"],"fullName":"API Client Optimization API has getHistory endpoint","status":"passed","title":"has getHistory endpoint","duration":0.21746799999527866,"failureMessages":[],"meta":{}},{"ancestorTitles":["API Client","Optimization API"],"fullName":"API Client Optimization API has cancel endpoint","status":"passed","title":"has cancel endpoint","duration":0.2656940000015311,"failureMessages":[],"meta":{}}],"startTime":1773718458192,"endTime":1773718458209.2656,"status":"passed","message":"","name":"/mnt/c/Users/danie/Documents/Projects/QuantMate/quantmate-portal/src/test/api.test.ts"},{"assertionResults":[{"ancestorTitles":["App Integration"],"fullName":"App Integration redirects to login when not authenticated","status":"passed","title":"redirects to login when not authenticated","duration":99.15609899999981,"failureMessages":[],"meta":{}},{"ancestorTitles":["App Integration"],"fullName":"App Integration shows dashboard when authenticated and on root path","status":"failed","title":"shows dashboard when authenticated and on root path","duration":23.28187700000126,"failureMessages":["TestingLibraryElementError: Unable to find an element with the text: Dashboard Page. This could be because the text is broken up by multiple elements. In this case, you can provide a function for your text matcher to make your matcher more flexible.\n\nIgnored nodes: comments, script, style\n\u001b[36m<body>\u001b[39m\n  \u001b[36m<div>\u001b[39m\n    \u001b[36m<div>\u001b[39m\n      \u001b[0mLogin Page\u001b[0m\n    \u001b[36m</div>\u001b[39m\n  \u001b[36m</div>\u001b[39m\n\u001b[36m</body>\u001b[39m\n    at Object.getElementError (/mnt/c/Users/danie/Documents/Projects/QuantMate/quantmate-portal/node_modules/@testing-library/dom/dist/config.js:37:19)\n    at /mnt/c/Users/danie/Documents/Projects/QuantMate/quantmate-portal/node_modules/@testing-library/dom/dist/query-helpers.js:76:38\n    at /mnt/c/Users/danie/Documents/Projects/QuantMate/quantmate-portal/node_modules/@testing-library/dom/dist/query-helpers.js:52:17\n    at /mnt/c/Users/danie/Documents/Projects/QuantMate/quantmate-portal/node_modules/@testing-library/dom/dist/query-helpers.js:95:19\n    at /mnt/c/Users/danie/Documents/Projects/QuantMate/quantmate-portal/src/test/integration.test.tsx:68:19\n    at file:///mnt/c/Users/danie/Documents/Projects/QuantMate/quantmate-portal/node_modules/@vitest/runner/dist/index.js:145:11\n    at file:///mnt/c/Users/danie/Documents/Projects/QuantMate/quantmate-portal/node_modules/@vitest/runner/dist/index.js:915:26\n    at file:///mnt/c/Users/danie/Documents/Projects/QuantMate/quantmate-portal/node_modules/@vitest/runner/dist/index.js:1243:20\n    at new Promise (<anonymous>)\n    at runWithTimeout (file:///mnt/c/Users/danie/Documents/Projects/QuantMate/quantmate-portal/node_modules/@vitest/runner/dist/index.js:1209:10)"],"meta":{}},{"ancestorTitles":["App Integration"],"fullName":"App Integration allows navigation between authenticated routes","status":"failed","title":"allows navigation between authenticated routes","duration":19.006900999993377,"failureMessages":["TestingLibraryElementError: Unable to find an element with the text: Dashboard Page. This could be because the text is broken up by multiple elements. In this case, you can provide a function for your text matcher to make your matcher more flexible.\n\nIgnored nodes: comments, script, style\n\u001b[36m<body>\u001b[39m\n  \u001b[36m<div>\u001b[39m\n    \u001b[36m<div>\u001b[39m\n      \u001b[0mLogin Page\u001b[0m\n    \u001b[36m</div>\u001b[39m\n  \u001b[36m</div>\u001b[39m\n\u001b[36m</body>\u001b[39m\n    at Object.getElementError (/mnt/c/Users/danie/Documents/Projects/QuantMate/quantmate-portal/node_modules/@testing-library/dom/dist/config.js:37:19)\n    at /mnt/c/Users/danie/Documents/Projects/QuantMate/quantmate-portal/node_modules/@testing-library/dom/dist/query-helpers.js:76:38\n    at /mnt/c/Users/danie/Documents/Projects/QuantMate/quantmate-portal/node_modules/@testing-library/dom/dist/query-helpers.js:52:17\n    at /mnt/c/Users/danie/Documents/Projects/QuantMate/quantmate-portal/node_modules/@testing-library/dom/dist/query-helpers.js:95:19\n    at /mnt/c/Users/danie/Documents/Projects/QuantMate/quantmate-portal/src/test/integration.test.tsx:81:19\n    at file:///mnt/c/Users/danie/Documents/Projects/QuantMate/quantmate-portal/node_modules/@vitest/runner/dist/index.js:145:11\n    at file:///mnt/c/Users/danie/Documents/Projects/QuantMate/quantmate-portal/node_modules/@vitest/runner/dist/index.js:915:26\n    at file:///mnt/c/Users/danie/Documents/Projects/QuantMate/quantmate-portal/node_modules/@vitest/runner/dist/index.js:1243:20\n    at new Promise (<anonymous>)\n    at runWithTimeout (file:///mnt/c/Users/danie/Documents/Projects/QuantMate/quantmate-portal/node_modules/@vitest/runner/dist/index.js:1209:10)"],"meta":{}},{"ancestorTitles":["App Integration","Route Protection"],"fullName":"App Integration Route Protection protects /strategies route","status":"passed","title":"protects /strategies route","duration":16.467445999995107,"failureMessages":[],"meta":{}},{"ancestorTitles":["App Integration","Route Protection"],"fullName":"App Integration Route Protection protects /backtest route","status":"passed","title":"protects /backtest route","duration":13.67819800000143,"failureMessages":[],"meta":{}},{"ancestorTitles":["App Integration","Route Protection"],"fullName":"App Integration Route Protection protects /analytics route","status":"passed","title":"protects /analytics route","duration":12.122074999999313,"failureMessages":[],"meta":{}},{"ancestorTitles":["App Integration","Route Protection"],"fullName":"App Integration Route Protection protects /portfolio route","status":"passed","title":"protects /portfolio route","duration":13.738665999997465,"failureMessages":[],"meta":{}},{"ancestorTitles":["App Integration","Authentication Flow"],"fullName":"App Integration Authentication Flow completes full authentication flow","status":"failed","title":"completes full authentication flow","duration":1016.8078290000049,"failureMessages":["Error: Unable to find an element with the text: Dashboard Page. This could be because the text is broken up by multiple elements. In this case, you can provide a function for your text matcher to make your matcher more flexible.\n\nIgnored nodes: comments, script, style\n\u001b[36m<body>\u001b[39m\n  \u001b[36m<div>\u001b[39m\n    \u001b[36m<div>\u001b[39m\n      \u001b[0mLogin Page\u001b[0m\n    \u001b[36m</div>\u001b[39m\n  \u001b[36m</div>\u001b[39m\n\u001b[36m</body>\u001b[39m\n    at Module.waitForWrapper (/mnt/c/Users/danie/Documents/Projects/QuantMate/quantmate-portal/node_modules/@testing-library/dom/dist/wait-for.js:163:27)\n    at /mnt/c/Users/danie/Documents/Projects/QuantMate/quantmate-portal/src/test/integration.test.tsx:175:13\n    at file:///mnt/c/Users/danie/Documents/Projects/QuantMate/quantmate-portal/node_modules/@vitest/runner/dist/index.js:145:11\n    at file:///mnt/c/Users/danie/Documents/Projects/QuantMate/quantmate-portal/node_modules/@vitest/runner/dist/index.js:915:26\n    at file:///mnt/c/Users/danie/Documents/Projects/QuantMate/quantmate-portal/node_modules/@vitest/runner/dist/index.js:1243:20\n    at new Promise (<anonymous>)\n    at runWithTimeout (file:///mnt/c/Users/danie/Documents/Projects/QuantMate/quantmate-portal/node_modules/@vitest/runner/dist/index.js:1209:10)\n    at file:///mnt/c/Users/danie/Documents/Projects/QuantMate/quantmate-portal/node_modules/@vitest/runner/dist/index.js:1653:37\n    at Traces.$ (file:///mnt/c/Users/danie/Documents/Projects/QuantMate/quantmate-portal/node_modules/vitest/dist/chunks/traces.CCmnQaNT.js:142:27)\n    at trace (file:///mnt/c/Users/danie/Documents/Projects/QuantMate/quantmate-portal/node_modules/vitest/dist/chunks/test.B8ej_ZHS.js:239:21)"],"meta":{}}],"startTime":1773718444000,"endTime":1773718445215.8079,"status":"failed","message":"","name":"/mnt/c/Users/danie/Documents/Projects/QuantMate/quantmate-portal/src/test/integration.test.tsx"},{"assertionResults":[],"startTime":1773718380918,"endTime":1773718380918,"status":"failed","message":"Failed to resolve import \"../test/utils\" from \"src/pages/auth/Login.test.tsx\". Does the file exist?","name":"/mnt/c/Users/danie/Documents/Projects/QuantMate/quantmate-portal/src/pages/auth/Login.test.tsx"}]}