{"/Users/mac/Workspace/QuantMate/quantmate-portal/src/App.tsx": {"path":"/Users/mac/Workspace/QuantMate/quantmate-portal/src/App.tsx","statementMap":{"0":{"start":{"line":7,"column":6},"end":{"line":7,"column":null}},"1":{"start":{"line":7,"column":26},"end":{"line":7,"column":null}},"2":{"start":{"line":8,"column":6},"end":{"line":8,"column":null}},"3":{"start":{"line":8,"column":29},"end":{"line":8,"column":null}},"4":{"start":{"line":9,"column":6},"end":{"line":9,"column":null}},"5":{"start":{"line":9,"column":34},"end":{"line":9,"column":null}},"6":{"start":{"line":10,"column":6},"end":{"line":10,"column":null}},"7":{"start":{"line":10,"column":25},"end":{"line":10,"column":null}},"8":{"start":{"line":11,"column":6},"end":{"line":11,"column":null}},"9":{"start":{"line":11,"column":28},"end":{"line":11,"column":null}},"10":{"start":{"line":12,"column":6},"end":{"line":12,"column":null}},"11":{"start":{"line":12,"column":28},"end":{"line":12,"column":null}},"12":{"start":{"line":13,"column":6},"end":{"line":13,"column":null}},"13":{"start":{"line":13,"column":29},"end":{"line":13,"column":null}},"14":{"start":{"line":14,"column":6},"end":{"line":14,"column":null}},"15":{"start":{"line":14,"column":30},"end":{"line":14,"column":null}},"16":{"start":{"line":15,"column":6},"end":{"line":15,"column":null}},"17":{"start":{"line":15,"column":29},"end":{"line":15,"column":null}},"18":{"start":{"line":16,"column":6},"end":{"line":16,"column":null}},"19":{"start":{"line":16,"column":28},"end":{"line":16,"column":null}},"20":{"start":{"line":17,"column":6},"end":{"line":17,"column":null}},"21":{"start":{"line":17,"column":30},"end":{"line":17,"column":null}},"22":{"start":{"line":18,"column":6},"end":{"line":18,"column":null}},"23":{"start":{"line":18,"column":27},"end":{"line":18,"column":null}},"24":{"start":{"line":19,"column":6},"end":{"line":19,"column":null}},"25":{"start":{"line":19,"column":32},"end":{"line":19,"column":null}},"26":{"start":{"line":20,"column":6},"end":{"line":20,"column":null}},"27":{"start":{"line":20,"column":29},"end":{"line":20,"column":null}},"28":{"start":{"line":21,"column":6},"end":{"line":21,"column":null}},"29":{"start":{"line":21,"column":30},"end":{"line":21,"column":null}},"30":{"start":{"line":22,"column":6},"end":{"line":22,"column":null}},"31":{"start":{"line":22,"column":27},"end":{"line":22,"column":null}},"32":{"start":{"line":23,"column":6},"end":{"line":23,"column":null}},"33":{"start":{"line":23,"column":35},"end":{"line":23,"column":null}},"34":{"start":{"line":24,"column":6},"end":{"line":24,"column":null}},"35":{"start":{"line":24,"column":31},"end":{"line":24,"column":null}},"36":{"start":{"line":25,"column":6},"end":{"line":25,"column":null}},"37":{"start":{"line":25,"column":29},"end":{"line":25,"column":null}},"38":{"start":{"line":26,"column":6},"end":{"line":26,"column":null}},"39":{"start":{"line":26,"column":31},"end":{"line":26,"column":null}},"40":{"start":{"line":27,"column":6},"end":{"line":27,"column":null}},"41":{"start":{"line":27,"column":29},"end":{"line":27,"column":null}},"42":{"start":{"line":28,"column":6},"end":{"line":28,"column":null}},"43":{"start":{"line":28,"column":34},"end":{"line":28,"column":null}},"44":{"start":{"line":29,"column":6},"end":{"line":29,"column":null}},"45":{"start":{"line":29,"column":39},"end":{"line":29,"column":null}},"46":{"start":{"line":32,"column":12},"end":{"line":32,"column":null}},"47":{"start":{"line":33,"column":2},"end":{"line":36,"column":null}},"48":{"start":{"line":41,"column":43},"end":{"line":41,"column":null}},"49":{"start":{"line":42,"column":12},"end":{"line":42,"column":null}},"50":{"start":{"line":43,"column":22},"end":{"line":43,"column":null}},"51":{"start":{"line":44,"column":23},"end":{"line":44,"column":null}},"52":{"start":{"line":45,"column":30},"end":{"line":45,"column":null}},"53":{"start":{"line":46,"column":50},"end":{"line":48,"column":null}},"54":{"start":{"line":50,"column":2},"end":{"line":96,"column":null}},"55":{"start":{"line":51,"column":4},"end":{"line":57,"column":null}},"56":{"start":{"line":52,"column":6},"end":{"line":54,"column":null}},"57":{"start":{"line":53,"column":8},"end":{"line":53,"column":null}},"58":{"start":{"line":55,"column":6},"end":{"line":55,"column":null}},"59":{"start":{"line":56,"column":6},"end":{"line":56,"column":null}},"60":{"start":{"line":59,"column":20},"end":{"line":59,"column":null}},"61":{"start":{"line":60,"column":22},"end":{"line":64,"column":null}},"62":{"start":{"line":61,"column":6},"end":{"line":61,"column":null}},"63":{"start":{"line":61,"column":21},"end":{"line":61,"column":null}},"64":{"start":{"line":62,"column":6},"end":{"line":62,"column":null}},"65":{"start":{"line":63,"column":6},"end":{"line":63,"column":null}},"66":{"start":{"line":65,"column":4},"end":{"line":90,"column":null}},"67":{"start":{"line":67,"column":8},"end":{"line":69,"column":null}},"68":{"start":{"line":68,"column":10},"end":{"line":68,"column":null}},"69":{"start":{"line":70,"column":8},"end":{"line":70,"column":null}},"70":{"start":{"line":71,"column":21},"end":{"line":71,"column":null}},"71":{"start":{"line":72,"column":8},"end":{"line":72,"column":null}},"72":{"start":{"line":73,"column":8},"end":{"line":73,"column":null}},"73":{"start":{"line":74,"column":8},"end":{"line":74,"column":null}},"74":{"start":{"line":77,"column":8},"end":{"line":79,"column":null}},"75":{"start":{"line":78,"column":10},"end":{"line":78,"column":null}},"76":{"start":{"line":80,"column":8},"end":{"line":80,"column":null}},"77":{"start":{"line":81,"column":23},"end":{"line":81,"column":null}},"78":{"start":{"line":82,"column":27},"end":{"line":82,"column":null}},"79":{"start":{"line":83,"column":8},"end":{"line":87,"column":null}},"80":{"start":{"line":84,"column":10},"end":{"line":84,"column":null}},"81":{"start":{"line":85,"column":10},"end":{"line":85,"column":null}},"82":{"start":{"line":86,"column":10},"end":{"line":86,"column":null}},"83":{"start":{"line":88,"column":8},"end":{"line":88,"column":null}},"84":{"start":{"line":89,"column":8},"end":{"line":89,"column":null}},"85":{"start":{"line":92,"column":4},"end":{"line":95,"column":null}},"86":{"start":{"line":93,"column":6},"end":{"line":93,"column":null}},"87":{"start":{"line":94,"column":6},"end":{"line":94,"column":null}},"88":{"start":{"line":98,"column":2},"end":{"line":104,"column":null}},"89":{"start":{"line":99,"column":4},"end":{"line":102,"column":null}},"90":{"start":{"line":106,"column":32},"end":{"line":106,"column":null}},"91":{"start":{"line":107,"column":2},"end":{"line":112,"column":null}},"92":{"start":{"line":108,"column":4},"end":{"line":110,"column":null}},"93":{"start":{"line":109,"column":6},"end":{"line":109,"column":null}},"94":{"start":{"line":111,"column":4},"end":{"line":111,"column":null}},"95":{"start":{"line":114,"column":2},"end":{"line":114,"column":null}},"96":{"start":{"line":118,"column":2},"end":{"line":161,"column":null}}},"fnMap":{"0":{"name":"(anonymous_0)","decl":{"start":{"line":7,"column":20},"end":{"line":7,"column":26}},"loc":{"start":{"line":7,"column":26},"end":{"line":7,"column":null}},"line":7},"1":{"name":"(anonymous_1)","decl":{"start":{"line":8,"column":23},"end":{"line":8,"column":29}},"loc":{"start":{"line":8,"column":29},"end":{"line":8,"column":null}},"line":8},"2":{"name":"(anonymous_2)","decl":{"start":{"line":9,"column":28},"end":{"line":9,"column":34}},"loc":{"start":{"line":9,"column":34},"end":{"line":9,"column":null}},"line":9},"3":{"name":"(anonymous_3)","decl":{"start":{"line":10,"column":19},"end":{"line":10,"column":25}},"loc":{"start":{"line":10,"column":25},"end":{"line":10,"column":null}},"line":10},"4":{"name":"(anonymous_4)","decl":{"start":{"line":11,"column":22},"end":{"line":11,"column":28}},"loc":{"start":{"line":11,"column":28},"end":{"line":11,"column":null}},"line":11},"5":{"name":"(anonymous_5)","decl":{"start":{"line":12,"column":22},"end":{"line":12,"column":28}},"loc":{"start":{"line":12,"column":28},"end":{"line":12,"column":null}},"line":12},"6":{"name":"(anonymous_6)","decl":{"start":{"line":13,"column":23},"end":{"line":13,"column":29}},"loc":{"start":{"line":13,"column":29},"end":{"line":13,"column":null}},"line":13},"7":{"name":"(anonymous_7)","decl":{"start":{"line":14,"column":24},"end":{"line":14,"column":30}},"loc":{"start":{"line":14,"column":30},"end":{"line":14,"column":null}},"line":14},"8":{"name":"(anonymous_8)","decl":{"start":{"line":15,"column":23},"end":{"line":15,"column":29}},"loc":{"start":{"line":15,"column":29},"end":{"line":15,"column":null}},"line":15},"9":{"name":"(anonymous_9)","decl":{"start":{"line":16,"column":22},"end":{"line":16,"column":28}},"loc":{"start":{"line":16,"column":28},"end":{"line":16,"column":null}},"line":16},"10":{"name":"(anonymous_10)","decl":{"start":{"line":17,"column":24},"end":{"line":17,"column":30}},"loc":{"start":{"line":17,"column":30},"end":{"line":17,"column":null}},"line":17},"11":{"name":"(anonymous_11)","decl":{"start":{"line":18,"column":21},"end":{"line":18,"column":27}},"loc":{"start":{"line":18,"column":27},"end":{"line":18,"column":null}},"line":18},"12":{"name":"(anonymous_12)","decl":{"start":{"line":19,"column":26},"end":{"line":19,"column":32}},"loc":{"start":{"line":19,"column":32},"end":{"line":19,"column":null}},"line":19},"13":{"name":"(anonymous_13)","decl":{"start":{"line":20,"column":23},"end":{"line":20,"column":29}},"loc":{"start":{"line":20,"column":29},"end":{"line":20,"column":null}},"line":20},"14":{"name":"(anonymous_14)","decl":{"start":{"line":21,"column":24},"end":{"line":21,"column":30}},"loc":{"start":{"line":21,"column":30},"end":{"line":21,"column":null}},"line":21},"15":{"name":"(anonymous_15)","decl":{"start":{"line":22,"column":21},"end":{"line":22,"column":27}},"loc":{"start":{"line":22,"column":27},"end":{"line":22,"column":null}},"line":22},"16":{"name":"(anonymous_16)","decl":{"start":{"line":23,"column":29},"end":{"line":23,"column":35}},"loc":{"start":{"line":23,"column":35},"end":{"line":23,"column":null}},"line":23},"17":{"name":"(anonymous_17)","decl":{"start":{"line":24,"column":25},"end":{"line":24,"column":31}},"loc":{"start":{"line":24,"column":31},"end":{"line":24,"column":null}},"line":24},"18":{"name":"(anonymous_18)","decl":{"start":{"line":25,"column":23},"end":{"line":25,"column":29}},"loc":{"start":{"line":25,"column":29},"end":{"line":25,"column":null}},"line":25},"19":{"name":"(anonymous_19)","decl":{"start":{"line":26,"column":25},"end":{"line":26,"column":31}},"loc":{"start":{"line":26,"column":31},"end":{"line":26,"column":null}},"line":26},"20":{"name":"(anonymous_20)","decl":{"start":{"line":27,"column":23},"end":{"line":27,"column":29}},"loc":{"start":{"line":27,"column":29},"end":{"line":27,"column":null}},"line":27},"21":{"name":"(anonymous_21)","decl":{"start":{"line":28,"column":28},"end":{"line":28,"column":34}},"loc":{"start":{"line":28,"column":34},"end":{"line":28,"column":null}},"line":28},"22":{"name":"(anonymous_22)","decl":{"start":{"line":29,"column":33},"end":{"line":29,"column":39}},"loc":{"start":{"line":29,"column":39},"end":{"line":29,"column":null}},"line":29},"23":{"name":"RouteFallback","decl":{"start":{"line":31,"column":9},"end":{"line":31,"column":25}},"loc":{"start":{"line":31,"column":25},"end":{"line":38,"column":null}},"line":31},"24":{"name":"PrivateRoute","decl":{"start":{"line":40,"column":9},"end":{"line":40,"column":22}},"loc":{"start":{"line":40,"column":67},"end":{"line":115,"column":null}},"line":40},"25":{"name":"(anonymous_25)","decl":{"start":{"line":50,"column":12},"end":{"line":50,"column":18}},"loc":{"start":{"line":50,"column":18},"end":{"line":96,"column":5}},"line":50},"26":{"name":"(anonymous_26)","decl":{"start":{"line":60,"column":40},"end":{"line":60,"column":46}},"loc":{"start":{"line":60,"column":46},"end":{"line":64,"column":7}},"line":60},"27":{"name":"(anonymous_27)","decl":{"start":{"line":66,"column":12},"end":{"line":66,"column":13}},"loc":{"start":{"line":66,"column":26},"end":{"line":75,"column":7}},"line":66},"28":{"name":"(anonymous_28)","decl":{"start":{"line":76,"column":13},"end":{"line":76,"column":14}},"loc":{"start":{"line":76,"column":27},"end":{"line":90,"column":7}},"line":76},"29":{"name":"(anonymous_29)","decl":{"start":{"line":92,"column":11},"end":{"line":92,"column":17}},"loc":{"start":{"line":92,"column":17},"end":{"line":95,"column":null}},"line":92},"30":{"name":"App","decl":{"start":{"line":117,"column":9},"end":{"line":117,"column":15}},"loc":{"start":{"line":117,"column":15},"end":{"line":163,"column":null}},"line":117}},"branchMap":{"0":{"loc":{"start":{"line":51,"column":4},"end":{"line":57,"column":null}},"type":"if","locations":[{"start":{"line":51,"column":4},"end":{"line":57,"column":null}},{"start":{},"end":{}}],"line":51},"1":{"loc":{"start":{"line":52,"column":6},"end":{"line":54,"column":null}},"type":"if","locations":[{"start":{"line":52,"column":6},"end":{"line":54,"column":null}},{"start":{},"end":{}}],"line":52},"2":{"loc":{"start":{"line":61,"column":6},"end":{"line":61,"column":null}},"type":"if","locations":[{"start":{"line":61,"column":6},"end":{"line":61,"column":null}},{"start":{},"end":{}}],"line":61},"3":{"loc":{"start":{"line":67,"column":8},"end":{"line":69,"column":null}},"type":"if","locations":[{"start":{"line":67,"column":8},"end":{"line":69,"column":null}},{"start":{},"end":{}}],"line":67},"4":{"loc":{"start":{"line":72,"column":35},"end":{"line":72,"column":53}},"type":"binary-expr","locations":[{"start":{"line":72,"column":35},"end":{"line":72,"column":51}},{"start":{"line":72,"column":51},"end":{"line":72,"column":53}}],"line":72},"5":{"loc":{"start":{"line":77,"column":8},"end":{"line":79,"column":null}},"type":"if","locations":[{"start":{"line":77,"column":8},"end":{"line":79,"column":null}},{"start":{},"end":{}}],"line":77},"6":{"loc":{"start":{"line":82,"column":27},"end":{"line":82,"column":null}},"type":"cond-expr","locations":[{"start":{"line":82,"column":56},"end":{"line":82,"column":79}},{"start":{"line":82,"column":79},"end":{"line":82,"column":null}}],"line":82},"7":{"loc":{"start":{"line":83,"column":8},"end":{"line":87,"column":null}},"type":"if","locations":[{"start":{"line":83,"column":8},"end":{"line":87,"column":null}},{"start":{},"end":{}}],"line":83},"8":{"loc":{"start":{"line":83,"column":12},"end":{"line":83,"column":94}},"type":"binary-expr","locations":[{"start":{"line":83,"column":12},"end":{"line":83,"column":45}},{"start":{"line":83,"column":45},"end":{"line":83,"column":94}}],"line":83},"9":{"loc":{"start":{"line":98,"column":2},"end":{"line":104,"column":null}},"type":"if","locations":[{"start":{"line":98,"column":2},"end":{"line":104,"column":null}},{"start":{},"end":{}}],"line":98},"10":{"loc":{"start":{"line":107,"column":2},"end":{"line":112,"column":null}},"type":"if","locations":[{"start":{"line":107,"column":2},"end":{"line":112,"column":null}},{"start":{},"end":{}}],"line":107},"11":{"loc":{"start":{"line":108,"column":4},"end":{"line":110,"column":null}},"type":"if","locations":[{"start":{"line":108,"column":4},"end":{"line":110,"column":null}},{"start":{},"end":{}}],"line":108},"12":{"loc":{"start":{"line":114,"column":9},"end":{"line":114,"column":null}},"type":"cond-expr","locations":[{"start":{"line":114,"column":27},"end":{"line":114,"column":45}},{"start":{"line":114,"column":45},"end":{"line":114,"column":null}}],"line":114}},"s":{"0":1,"1":1,"2":1,"3":0,"4":1,"5":0,"6":1,"7":1,"8":1,"9":0,"10":1,"11":0,"12":1,"13":1,"14":1,"15":0,"16":1,"17":0,"18":1,"19":0,"20":1,"21":0,"22":1,"23":0,"24":1,"25":0,"26":1,"27":0,"28":1,"29":0,"30":1,"31":0,"32":1,"33":0,"34":1,"35":0,"36":1,"37":0,"38":1,"39":0,"40":1,"41":0,"42":1,"43":0,"44":1,"45":0,"46":2,"47":2,"48":13,"49":13,"50":13,"51":13,"52":13,"53":13,"54":13,"55":9,"56":6,"57":0,"58":6,"59":6,"60":3,"61":3,"62":0,"63":0,"64":0,"65":0,"66":3,"67":3,"68":0,"69":3,"70":3,"71":3,"72":3,"73":3,"74":0,"75":0,"76":0,"77":0,"78":0,"79":0,"80":0,"81":0,"82":0,"83":0,"84":0,"85":3,"86":3,"87":3,"88":13,"89":3,"90":10,"91":10,"92":0,"93":0,"94":0,"95":10,"96":9},"f":{"0":1,"1":0,"2":0,"3":1,"4":0,"5":0,"6":1,"7":0,"8":0,"9":0,"10":0,"11":0,"12":0,"13":0,"14":0,"15":0,"16":0,"17":0,"18":0,"19":0,"20":0,"21":0,"22":0,"23":2,"24":13,"25":9,"26":0,"27":3,"28":0,"29":3,"30":9},"b":{"0":[6,3],"1":[0,6],"2":[0,0],"3":[0,3],"4":[3,0],"5":[0,0],"6":[0,0],"7":[0,0],"8":[0,0],"9":[3,10],"10":[0,10],"11":[0,0],"12":[4,6]},"meta":{"lastBranch":13,"lastFunction":31,"lastStatement":97,"seen":{"s:7:6:7:Infinity":0,"f:7:20:7:26":0,"s:7:26:7:Infinity":1,"s:8:6:8:Infinity":2,"f:8:23:8:29":1,"s:8:29:8:Infinity":3,"s:9:6:9:Infinity":4,"f:9:28:9:34":2,"s:9:34:9:Infinity":5,"s:10:6:10:Infinity":6,"f:10:19:10:25":3,"s:10:25:10:Infinity":7,"s:11:6:11:Infinity":8,"f:11:22:11:28":4,"s:11:28:11:Infinity":9,"s:12:6:12:Infinity":10,"f:12:22:12:28":5,"s:12:28:12:Infinity":11,"s:13:6:13:Infinity":12,"f:13:23:13:29":6,"s:13:29:13:Infinity":13,"s:14:6:14:Infinity":14,"f:14:24:14:30":7,"s:14:30:14:Infinity":15,"s:15:6:15:Infinity":16,"f:15:23:15:29":8,"s:15:29:15:Infinity":17,"s:16:6:16:Infinity":18,"f:16:22:16:28":9,"s:16:28:16:Infinity":19,"s:17:6:17:Infinity":20,"f:17:24:17:30":10,"s:17:30:17:Infinity":21,"s:18:6:18:Infinity":22,"f:18:21:18:27":11,"s:18:27:18:Infinity":23,"s:19:6:19:Infinity":24,"f:19:26:19:32":12,"s:19:32:19:Infinity":25,"s:20:6:20:Infinity":26,"f:20:23:20:29":13,"s:20:29:20:Infinity":27,"s:21:6:21:Infinity":28,"f:21:24:21:30":14,"s:21:30:21:Infinity":29,"s:22:6:22:Infinity":30,"f:22:21:22:27":15,"s:22:27:22:Infinity":31,"s:23:6:23:Infinity":32,"f:23:29:23:35":16,"s:23:35:23:Infinity":33,"s:24:6:24:Infinity":34,"f:24:25:24:31":17,"s:24:31:24:Infinity":35,"s:25:6:25:Infinity":36,"f:25:23:25:29":18,"s:25:29:25:Infinity":37,"s:26:6:26:Infinity":38,"f:26:25:26:31":19,"s:26:31:26:Infinity":39,"s:27:6:27:Infinity":40,"f:27:23:27:29":20,"s:27:29:27:Infinity":41,"s:28:6:28:Infinity":42,"f:28:28:28:34":21,"s:28:34:28:Infinity":43,"s:29:6:29:Infinity":44,"f:29:33:29:39":22,"s:29:39:29:Infinity":45,"f:31:9:31:25":23,"s:32:12:32:Infinity":46,"s:33:2:36:Infinity":47,"f:40:9:40:22":24,"s:41:43:41:Infinity":48,"s:42:12:42:Infinity":49,"s:43:22:43:Infinity":50,"s:44:23:44:Infinity":51,"s:45:30:45:Infinity":52,"s:46:50:48:Infinity":53,"s:50:2:96:Infinity":54,"f:50:12:50:18":25,"b:51:4:57:Infinity:undefined:undefined:undefined:undefined":0,"s:51:4:57:Infinity":55,"b:52:6:54:Infinity:undefined:undefined:undefined:undefined":1,"s:52:6:54:Infinity":56,"s:53:8:53:Infinity":57,"s:55:6:55:Infinity":58,"s:56:6:56:Infinity":59,"s:59:20:59:Infinity":60,"s:60:22:64:Infinity":61,"f:60:40:60:46":26,"b:61:6:61:Infinity:undefined:undefined:undefined:undefined":2,"s:61:6:61:Infinity":62,"s:61:21:61:Infinity":63,"s:62:6:62:Infinity":64,"s:63:6:63:Infinity":65,"s:65:4:90:Infinity":66,"f:66:12:66:13":27,"b:67:8:69:Infinity:undefined:undefined:undefined:undefined":3,"s:67:8:69:Infinity":67,"s:68:10:68:Infinity":68,"s:70:8:70:Infinity":69,"s:71:21:71:Infinity":70,"s:72:8:72:Infinity":71,"b:72:35:72:51:72:51:72:53":4,"s:73:8:73:Infinity":72,"s:74:8:74:Infinity":73,"f:76:13:76:14":28,"b:77:8:79:Infinity:undefined:undefined:undefined:undefined":5,"s:77:8:79:Infinity":74,"s:78:10:78:Infinity":75,"s:80:8:80:Infinity":76,"s:81:23:81:Infinity":77,"s:82:27:82:Infinity":78,"b:82:56:82:79:82:79:82:Infinity":6,"b:83:8:87:Infinity:undefined:undefined:undefined:undefined":7,"s:83:8:87:Infinity":79,"b:83:12:83:45:83:45:83:94":8,"s:84:10:84:Infinity":80,"s:85:10:85:Infinity":81,"s:86:10:86:Infinity":82,"s:88:8:88:Infinity":83,"s:89:8:89:Infinity":84,"s:92:4:95:Infinity":85,"f:92:11:92:17":29,"s:93:6:93:Infinity":86,"s:94:6:94:Infinity":87,"b:98:2:104:Infinity:undefined:undefined:undefined:undefined":9,"s:98:2:104:Infinity":88,"s:99:4:102:Infinity":89,"s:106:32:106:Infinity":90,"b:107:2:112:Infinity:undefined:undefined:undefined:undefined":10,"s:107:2:112:Infinity":91,"b:108:4:110:Infinity:undefined:undefined:undefined:undefined":11,"s:108:4:110:Infinity":92,"s:109:6:109:Infinity":93,"s:111:4:111:Infinity":94,"s:114:2:114:Infinity":95,"b:114:27:114:45:114:45:114:Infinity":12,"f:117:9:117:15":30,"s:118:2:161:Infinity":96}}}
,"/Users/mac/Workspace/QuantMate/quantmate-portal/src/components/AnalyticsDashboard.tsx": {"path":"/Users/mac/Workspace/QuantMate/quantmate-portal/src/components/AnalyticsDashboard.tsx","statementMap":{"0":{"start":{"line":43,"column":12},"end":{"line":43,"column":null}},"1":{"start":{"line":44,"column":26},"end":{"line":51,"column":null}},"2":{"start":{"line":47,"column":23},"end":{"line":47,"column":null}},"3":{"start":{"line":48,"column":6},"end":{"line":48,"column":null}},"4":{"start":{"line":53,"column":2},"end":{"line":59,"column":null}},"5":{"start":{"line":54,"column":4},"end":{"line":57,"column":null}},"6":{"start":{"line":61,"column":2},"end":{"line":67,"column":null}},"7":{"start":{"line":62,"column":4},"end":{"line":65,"column":null}},"8":{"start":{"line":69,"column":2},"end":{"line":250,"column":null}},"9":{"start":{"line":132,"column":29},"end":{"line":132,"column":null}},"10":{"start":{"line":132,"column":86},"end":{"line":132,"column":103}},"11":{"start":{"line":133,"column":28},"end":{"line":133,"column":null}},"12":{"start":{"line":134,"column":12},"end":{"line":148,"column":null}},"13":{"start":{"line":164,"column":14},"end":{"line":185,"column":null}},"14":{"start":{"line":195,"column":14},"end":{"line":208,"column":null}}},"fnMap":{"0":{"name":"AnalyticsDashboard","decl":{"start":{"line":42,"column":24},"end":{"line":42,"column":45}},"loc":{"start":{"line":42,"column":45},"end":{"line":252,"column":null}},"line":42},"1":{"name":"(anonymous_1)","decl":{"start":{"line":46,"column":13},"end":{"line":46,"column":25}},"loc":{"start":{"line":46,"column":25},"end":{"line":49,"column":null}},"line":46},"2":{"name":"(anonymous_2)","decl":{"start":{"line":131,"column":51},"end":{"line":131,"column":52}},"loc":{"start":{"line":131,"column":66},"end":{"line":150,"column":11}},"line":131},"3":{"name":"(anonymous_3)","decl":{"start":{"line":132,"column":81},"end":{"line":132,"column":86}},"loc":{"start":{"line":132,"column":86},"end":{"line":132,"column":103}},"line":132},"4":{"name":"(anonymous_4)","decl":{"start":{"line":163,"column":43},"end":{"line":163,"column":44}},"loc":{"start":{"line":164,"column":14},"end":{"line":185,"column":null}},"line":164},"5":{"name":"(anonymous_5)","decl":{"start":{"line":194,"column":40},"end":{"line":194,"column":41}},"loc":{"start":{"line":195,"column":14},"end":{"line":208,"column":null}},"line":195}},"branchMap":{"0":{"loc":{"start":{"line":53,"column":2},"end":{"line":59,"column":null}},"type":"if","locations":[{"start":{"line":53,"column":2},"end":{"line":59,"column":null}},{"start":{},"end":{}}],"line":53},"1":{"loc":{"start":{"line":61,"column":2},"end":{"line":67,"column":null}},"type":"if","locations":[{"start":{"line":61,"column":2},"end":{"line":67,"column":null}},{"start":{},"end":{}}],"line":61},"2":{"loc":{"start":{"line":81,"column":66},"end":{"line":81,"column":137}},"type":"cond-expr","locations":[{"start":{"line":81,"column":104},"end":{"line":81,"column":123}},{"start":{"line":81,"column":123},"end":{"line":81,"column":137}}],"line":81},"3":{"loc":{"start":{"line":82,"column":13},"end":{"line":82,"column":null}},"type":"cond-expr","locations":[{"start":{"line":82,"column":51},"end":{"line":82,"column":88}},{"start":{"line":82,"column":88},"end":{"line":82,"column":null}}],"line":82},"4":{"loc":{"start":{"line":92,"column":48},"end":{"line":92,"column":119}},"type":"cond-expr","locations":[{"start":{"line":92,"column":86},"end":{"line":92,"column":105}},{"start":{"line":92,"column":105},"end":{"line":92,"column":119}}],"line":92},"5":{"loc":{"start":{"line":95,"column":42},"end":{"line":95,"column":113}},"type":"cond-expr","locations":[{"start":{"line":95,"column":80},"end":{"line":95,"column":99}},{"start":{"line":95,"column":99},"end":{"line":95,"column":113}}],"line":95},"6":{"loc":{"start":{"line":105,"column":48},"end":{"line":105,"column":119}},"type":"cond-expr","locations":[{"start":{"line":105,"column":86},"end":{"line":105,"column":105}},{"start":{"line":105,"column":105},"end":{"line":105,"column":119}}],"line":105},"7":{"loc":{"start":{"line":167,"column":58},"end":{"line":167,"column":120}},"type":"cond-expr","locations":[{"start":{"line":167,"column":87},"end":{"line":167,"column":106}},{"start":{"line":167,"column":106},"end":{"line":167,"column":120}}],"line":167}},"s":{"0":25,"1":25,"2":9,"3":7,"4":25,"5":9,"6":16,"7":2,"8":14,"9":28,"10":56,"11":28,"12":28,"13":14,"14":28},"f":{"0":25,"1":9,"2":28,"3":56,"4":14,"5":28},"b":{"0":[9,16],"1":[2,14],"2":[14,0],"3":[14,0],"4":[14,0],"5":[14,0],"6":[14,0],"7":[14,0]},"meta":{"lastBranch":8,"lastFunction":6,"lastStatement":15,"seen":{"f:42:24:42:45":0,"s:43:12:43:Infinity":0,"s:44:26:51:Infinity":1,"f:46:13:46:25":1,"s:47:23:47:Infinity":2,"s:48:6:48:Infinity":3,"b:53:2:59:Infinity:undefined:undefined:undefined:undefined":0,"s:53:2:59:Infinity":4,"s:54:4:57:Infinity":5,"b:61:2:67:Infinity:undefined:undefined:undefined:undefined":1,"s:61:2:67:Infinity":6,"s:62:4:65:Infinity":7,"s:69:2:250:Infinity":8,"b:81:104:81:123:81:123:81:137":2,"b:82:51:82:88:82:88:82:Infinity":3,"b:92:86:92:105:92:105:92:119":4,"b:95:80:95:99:95:99:95:113":5,"b:105:86:105:105:105:105:105:119":6,"f:131:51:131:52":2,"s:132:29:132:Infinity":9,"f:132:81:132:86":3,"s:132:86:132:103":10,"s:133:28:133:Infinity":11,"s:134:12:148:Infinity":12,"f:163:43:163:44":4,"s:164:14:185:Infinity":13,"b:167:87:167:106:167:106:167:120":7,"f:194:40:194:41":5,"s:195:14:208:Infinity":14}}}
,"/Users/mac/Workspace/QuantMate/quantmate-portal/src/components/BacktestForm.tsx": {"path":"/Users/mac/Workspace/QuantMate/quantmate-portal/src/components/BacktestForm.tsx","statementMap":{"0":{"start":{"line":22,"column":55},"end":{"line":22,"column":66}},"1":{"start":{"line":23,"column":12},"end":{"line":23,"column":null}},"2":{"start":{"line":24,"column":8},"end":{"line":24,"column":null}},"3":{"start":{"line":26,"column":34},"end":{"line":26,"column":null}},"4":{"start":{"line":27,"column":26},"end":{"line":27,"column":null}},"5":{"start":{"line":28,"column":34},"end":{"line":28,"column":null}},"6":{"start":{"line":29,"column":32},"end":{"line":29,"column":null}},"7":{"start":{"line":30,"column":28},"end":{"line":30,"column":null}},"8":{"start":{"line":31,"column":42},"end":{"line":31,"column":null}},"9":{"start":{"line":32,"column":22},"end":{"line":32,"column":null}},"10":{"start":{"line":33,"column":30},"end":{"line":33,"column":null}},"11":{"start":{"line":34,"column":32},"end":{"line":34,"column":null}},"12":{"start":{"line":35,"column":24},"end":{"line":35,"column":null}},"13":{"start":{"line":36,"column":32},"end":{"line":36,"column":null}},"14":{"start":{"line":37,"column":34},"end":{"line":37,"column":null}},"15":{"start":{"line":39,"column":46},"end":{"line":45,"column":null}},"16":{"start":{"line":47,"column":8},"end":{"line":57,"column":null}},"17":{"start":{"line":48,"column":45},"end":{"line":54,"column":null}},"18":{"start":{"line":56,"column":4},"end":{"line":56,"column":null}},"19":{"start":{"line":56,"column":58},"end":{"line":56,"column":null}},"20":{"start":{"line":60,"column":2},"end":{"line":75,"column":null}},"21":{"start":{"line":61,"column":18},"end":{"line":61,"column":null}},"22":{"start":{"line":62,"column":5},"end":{"line":73,"column":null}},"23":{"start":{"line":63,"column":6},"end":{"line":72,"column":null}},"24":{"start":{"line":64,"column":21},"end":{"line":64,"column":null}},"25":{"start":{"line":65,"column":8},"end":{"line":65,"column":null}},"26":{"start":{"line":65,"column":22},"end":{"line":65,"column":null}},"27":{"start":{"line":66,"column":21},"end":{"line":66,"column":null}},"28":{"start":{"line":67,"column":8},"end":{"line":69,"column":null}},"29":{"start":{"line":68,"column":10},"end":{"line":68,"column":null}},"30":{"start":{"line":74,"column":4},"end":{"line":74,"column":null}},"31":{"start":{"line":74,"column":19},"end":{"line":74,"column":35}},"32":{"start":{"line":78,"column":2},"end":{"line":85,"column":null}},"33":{"start":{"line":79,"column":18},"end":{"line":79,"column":null}},"34":{"start":{"line":80,"column":23},"end":{"line":80,"column":null}},"35":{"start":{"line":81,"column":4},"end":{"line":81,"column":null}},"36":{"start":{"line":83,"column":4},"end":{"line":83,"column":null}},"37":{"start":{"line":84,"column":4},"end":{"line":84,"column":null}},"38":{"start":{"line":88,"column":91},"end":{"line":96,"column":null}},"39":{"start":{"line":91,"column":6},"end":{"line":91,"column":null}},"40":{"start":{"line":98,"column":8},"end":{"line":106,"column":null}},"41":{"start":{"line":99,"column":20},"end":{"line":99,"column":null}},"42":{"start":{"line":100,"column":4},"end":{"line":100,"column":null}},"43":{"start":{"line":100,"column":32},"end":{"line":100,"column":null}},"44":{"start":{"line":101,"column":4},"end":{"line":104,"column":null}},"45":{"start":{"line":102,"column":22},"end":{"line":102,"column":null}},"46":{"start":{"line":103,"column":6},"end":{"line":103,"column":null}},"47":{"start":{"line":103,"column":33},"end":{"line":103,"column":null}},"48":{"start":{"line":105,"column":4},"end":{"line":105,"column":null}},"49":{"start":{"line":109,"column":2},"end":{"line":120,"column":null}},"50":{"start":{"line":110,"column":4},"end":{"line":119,"column":null}},"51":{"start":{"line":111,"column":26},"end":{"line":111,"column":null}},"52":{"start":{"line":111,"column":49},"end":{"line":111,"column":60}},"53":{"start":{"line":112,"column":6},"end":{"line":118,"column":null}},"54":{"start":{"line":113,"column":8},"end":{"line":113,"column":null}},"55":{"start":{"line":115,"column":8},"end":{"line":117,"column":null}},"56":{"start":{"line":116,"column":10},"end":{"line":116,"column":null}},"57":{"start":{"line":123,"column":2},"end":{"line":143,"column":null}},"58":{"start":{"line":124,"column":4},"end":{"line":142,"column":null}},"59":{"start":{"line":125,"column":23},"end":{"line":125,"column":null}},"60":{"start":{"line":125,"column":46},"end":{"line":125,"column":73}},"61":{"start":{"line":126,"column":6},"end":{"line":141,"column":null}},"62":{"start":{"line":127,"column":8},"end":{"line":127,"column":null}},"63":{"start":{"line":130,"column":9},"end":{"line":140,"column":null}},"64":{"start":{"line":131,"column":10},"end":{"line":139,"column":null}},"65":{"start":{"line":132,"column":25},"end":{"line":132,"column":null}},"66":{"start":{"line":133,"column":25},"end":{"line":133,"column":null}},"67":{"start":{"line":134,"column":30},"end":{"line":134,"column":null}},"68":{"start":{"line":135,"column":12},"end":{"line":135,"column":null}},"69":{"start":{"line":137,"column":12},"end":{"line":137,"column":null}},"70":{"start":{"line":138,"column":12},"end":{"line":138,"column":null}},"71":{"start":{"line":145,"column":8},"end":{"line":200,"column":null}},"72":{"start":{"line":159,"column":10},"end":{"line":159,"column":null}},"73":{"start":{"line":161,"column":6},"end":{"line":161,"column":null}},"74":{"start":{"line":162,"column":6},"end":{"line":162,"column":null}},"75":{"start":{"line":163,"column":20},"end":{"line":163,"column":null}},"76":{"start":{"line":164,"column":6},"end":{"line":166,"column":null}},"77":{"start":{"line":165,"column":8},"end":{"line":165,"column":null}},"78":{"start":{"line":167,"column":6},"end":{"line":167,"column":null}},"79":{"start":{"line":172,"column":16},"end":{"line":172,"column":null}},"80":{"start":{"line":173,"column":6},"end":{"line":173,"column":null}},"81":{"start":{"line":175,"column":20},"end":{"line":175,"column":null}},"82":{"start":{"line":176,"column":19},"end":{"line":176,"column":null}},"83":{"start":{"line":177,"column":21},"end":{"line":177,"column":null}},"84":{"start":{"line":179,"column":6},"end":{"line":196,"column":null}},"85":{"start":{"line":180,"column":8},"end":{"line":180,"column":null}},"86":{"start":{"line":181,"column":6},"end":{"line":196,"column":null}},"87":{"start":{"line":183,"column":22},"end":{"line":190,"column":null}},"88":{"start":{"line":184,"column":10},"end":{"line":184,"column":null}},"89":{"start":{"line":184,"column":37},"end":{"line":184,"column":null}},"90":{"start":{"line":185,"column":10},"end":{"line":188,"column":null}},"91":{"start":{"line":186,"column":25},"end":{"line":186,"column":null}},"92":{"start":{"line":187,"column":12},"end":{"line":187,"column":null}},"93":{"start":{"line":189,"column":10},"end":{"line":189,"column":null}},"94":{"start":{"line":191,"column":8},"end":{"line":191,"column":null}},"95":{"start":{"line":192,"column":6},"end":{"line":196,"column":null}},"96":{"start":{"line":193,"column":8},"end":{"line":193,"column":null}},"97":{"start":{"line":194,"column":6},"end":{"line":196,"column":null}},"98":{"start":{"line":195,"column":8},"end":{"line":195,"column":null}},"99":{"start":{"line":198,"column":6},"end":{"line":198,"column":null}},"100":{"start":{"line":202,"column":23},"end":{"line":250,"column":null}},"101":{"start":{"line":203,"column":4},"end":{"line":203,"column":null}},"102":{"start":{"line":204,"column":4},"end":{"line":204,"column":null}},"103":{"start":{"line":206,"column":4},"end":{"line":209,"column":null}},"104":{"start":{"line":207,"column":6},"end":{"line":207,"column":null}},"105":{"start":{"line":208,"column":6},"end":{"line":208,"column":null}},"106":{"start":{"line":211,"column":4},"end":{"line":214,"column":null}},"107":{"start":{"line":212,"column":6},"end":{"line":212,"column":null}},"108":{"start":{"line":213,"column":6},"end":{"line":213,"column":null}},"109":{"start":{"line":216,"column":4},"end":{"line":219,"column":null}},"110":{"start":{"line":217,"column":6},"end":{"line":217,"column":null}},"111":{"start":{"line":218,"column":6},"end":{"line":218,"column":null}},"112":{"start":{"line":221,"column":4},"end":{"line":224,"column":null}},"113":{"start":{"line":222,"column":6},"end":{"line":222,"column":null}},"114":{"start":{"line":223,"column":6},"end":{"line":223,"column":null}},"115":{"start":{"line":227,"column":45},"end":{"line":227,"column":null}},"116":{"start":{"line":228,"column":4},"end":{"line":233,"column":null}},"117":{"start":{"line":229,"column":6},"end":{"line":229,"column":null}},"118":{"start":{"line":231,"column":6},"end":{"line":231,"column":null}},"119":{"start":{"line":232,"column":6},"end":{"line":232,"column":null}},"120":{"start":{"line":235,"column":29},"end":{"line":235,"column":null}},"121":{"start":{"line":235,"column":52},"end":{"line":235,"column":79}},"122":{"start":{"line":237,"column":4},"end":{"line":249,"column":null}},"123":{"start":{"line":252,"column":2},"end":{"line":472,"column":null}},"124":{"start":{"line":269,"column":27},"end":{"line":269,"column":null}},"125":{"start":{"line":280,"column":27},"end":{"line":280,"column":null}},"126":{"start":{"line":308,"column":31},"end":{"line":308,"column":null}},"127":{"start":{"line":317,"column":16},"end":{"line":319,"column":null}},"128":{"start":{"line":328,"column":16},"end":{"line":328,"column":null}},"129":{"start":{"line":329,"column":16},"end":{"line":329,"column":null}},"130":{"start":{"line":346,"column":33},"end":{"line":346,"column":null}},"131":{"start":{"line":359,"column":33},"end":{"line":359,"column":null}},"132":{"start":{"line":374,"column":31},"end":{"line":374,"column":null}},"133":{"start":{"line":391,"column":33},"end":{"line":391,"column":null}},"134":{"start":{"line":405,"column":33},"end":{"line":405,"column":null}},"135":{"start":{"line":420,"column":31},"end":{"line":420,"column":null}},"136":{"start":{"line":425,"column":16},"end":{"line":427,"column":null}},"137":{"start":{"line":442,"column":33},"end":{"line":442,"column":null}}},"fnMap":{"0":{"name":"BacktestForm","decl":{"start":{"line":22,"column":24},"end":{"line":22,"column":37}},"loc":{"start":{"line":22,"column":104},"end":{"line":474,"column":null}},"line":22},"1":{"name":"(anonymous_1)","decl":{"start":{"line":22,"column":49},"end":{"line":22,"column":55}},"loc":{"start":{"line":22,"column":55},"end":{"line":22,"column":66}},"line":22},"2":{"name":"(anonymous_2)","decl":{"start":{"line":47,"column":36},"end":{"line":47,"column":42}},"loc":{"start":{"line":47,"column":42},"end":{"line":57,"column":5}},"line":47},"3":{"name":"(anonymous_3)","decl":{"start":{"line":56,"column":11},"end":{"line":56,"column":12}},"loc":{"start":{"line":56,"column":58},"end":{"line":56,"column":null}},"line":56},"4":{"name":"(anonymous_4)","decl":{"start":{"line":60,"column":12},"end":{"line":60,"column":18}},"loc":{"start":{"line":60,"column":18},"end":{"line":75,"column":5}},"line":60},"5":{"name":"(anonymous_5)","decl":{"start":{"line":62,"column":6},"end":{"line":62,"column":18}},"loc":{"start":{"line":62,"column":18},"end":{"line":73,"column":7}},"line":62},"6":{"name":"(anonymous_6)","decl":{"start":{"line":74,"column":11},"end":{"line":74,"column":17}},"loc":{"start":{"line":74,"column":17},"end":{"line":74,"column":null}},"line":74},"7":{"name":"(anonymous_7)","decl":{"start":{"line":78,"column":12},"end":{"line":78,"column":18}},"loc":{"start":{"line":78,"column":18},"end":{"line":85,"column":5}},"line":78},"8":{"name":"(anonymous_8)","decl":{"start":{"line":90,"column":13},"end":{"line":90,"column":25}},"loc":{"start":{"line":90,"column":25},"end":{"line":92,"column":null}},"line":90},"9":{"name":"(anonymous_9)","decl":{"start":{"line":98,"column":41},"end":{"line":98,"column":47}},"loc":{"start":{"line":98,"column":47},"end":{"line":106,"column":5}},"line":98},"10":{"name":"(anonymous_10)","decl":{"start":{"line":109,"column":12},"end":{"line":109,"column":18}},"loc":{"start":{"line":109,"column":18},"end":{"line":120,"column":5}},"line":109},"11":{"name":"(anonymous_11)","decl":{"start":{"line":111,"column":42},"end":{"line":111,"column":43}},"loc":{"start":{"line":111,"column":49},"end":{"line":111,"column":60}},"line":111},"12":{"name":"(anonymous_12)","decl":{"start":{"line":123,"column":12},"end":{"line":123,"column":18}},"loc":{"start":{"line":123,"column":18},"end":{"line":143,"column":5}},"line":123},"13":{"name":"(anonymous_13)","decl":{"start":{"line":125,"column":39},"end":{"line":125,"column":40}},"loc":{"start":{"line":125,"column":46},"end":{"line":125,"column":73}},"line":125},"14":{"name":"(anonymous_14)","decl":{"start":{"line":130,"column":10},"end":{"line":130,"column":22}},"loc":{"start":{"line":130,"column":22},"end":{"line":140,"column":11}},"line":130},"15":{"name":"(anonymous_15)","decl":{"start":{"line":146,"column":16},"end":{"line":146,"column":17}},"loc":{"start":{"line":159,"column":10},"end":{"line":159,"column":null}},"line":159},"16":{"name":"(anonymous_16)","decl":{"start":{"line":160,"column":15},"end":{"line":160,"column":16}},"loc":{"start":{"line":160,"column":29},"end":{"line":168,"column":null}},"line":160},"17":{"name":"(anonymous_17)","decl":{"start":{"line":169,"column":13},"end":{"line":169,"column":14}},"loc":{"start":{"line":169,"column":31},"end":{"line":199,"column":null}},"line":169},"18":{"name":"(anonymous_18)","decl":{"start":{"line":183,"column":33},"end":{"line":183,"column":34}},"loc":{"start":{"line":183,"column":40},"end":{"line":190,"column":9}},"line":183},"19":{"name":"(anonymous_19)","decl":{"start":{"line":202,"column":23},"end":{"line":202,"column":24}},"loc":{"start":{"line":202,"column":47},"end":{"line":250,"column":null}},"line":202},"20":{"name":"(anonymous_20)","decl":{"start":{"line":235,"column":45},"end":{"line":235,"column":46}},"loc":{"start":{"line":235,"column":52},"end":{"line":235,"column":79}},"line":235},"21":{"name":"(anonymous_21)","decl":{"start":{"line":269,"column":21},"end":{"line":269,"column":27}},"loc":{"start":{"line":269,"column":27},"end":{"line":269,"column":null}},"line":269},"22":{"name":"(anonymous_22)","decl":{"start":{"line":280,"column":21},"end":{"line":280,"column":27}},"loc":{"start":{"line":280,"column":27},"end":{"line":280,"column":null}},"line":280},"23":{"name":"(anonymous_23)","decl":{"start":{"line":308,"column":24},"end":{"line":308,"column":25}},"loc":{"start":{"line":308,"column":31},"end":{"line":308,"column":null}},"line":308},"24":{"name":"(anonymous_24)","decl":{"start":{"line":316,"column":30},"end":{"line":316,"column":31}},"loc":{"start":{"line":317,"column":16},"end":{"line":319,"column":null}},"line":317},"25":{"name":"(anonymous_25)","decl":{"start":{"line":327,"column":24},"end":{"line":327,"column":25}},"loc":{"start":{"line":327,"column":35},"end":{"line":330,"column":null}},"line":327},"26":{"name":"(anonymous_26)","decl":{"start":{"line":346,"column":26},"end":{"line":346,"column":27}},"loc":{"start":{"line":346,"column":33},"end":{"line":346,"column":null}},"line":346},"27":{"name":"(anonymous_27)","decl":{"start":{"line":359,"column":26},"end":{"line":359,"column":27}},"loc":{"start":{"line":359,"column":33},"end":{"line":359,"column":null}},"line":359},"28":{"name":"(anonymous_28)","decl":{"start":{"line":374,"column":24},"end":{"line":374,"column":25}},"loc":{"start":{"line":374,"column":31},"end":{"line":374,"column":null}},"line":374},"29":{"name":"(anonymous_29)","decl":{"start":{"line":391,"column":26},"end":{"line":391,"column":27}},"loc":{"start":{"line":391,"column":33},"end":{"line":391,"column":null}},"line":391},"30":{"name":"(anonymous_30)","decl":{"start":{"line":405,"column":26},"end":{"line":405,"column":27}},"loc":{"start":{"line":405,"column":33},"end":{"line":405,"column":null}},"line":405},"31":{"name":"(anonymous_31)","decl":{"start":{"line":420,"column":24},"end":{"line":420,"column":25}},"loc":{"start":{"line":420,"column":31},"end":{"line":420,"column":null}},"line":420},"32":{"name":"(anonymous_32)","decl":{"start":{"line":424,"column":36},"end":{"line":424,"column":37}},"loc":{"start":{"line":425,"column":16},"end":{"line":427,"column":null}},"line":425},"33":{"name":"(anonymous_33)","decl":{"start":{"line":442,"column":26},"end":{"line":442,"column":27}},"loc":{"start":{"line":442,"column":33},"end":{"line":442,"column":null}},"line":442}},"branchMap":{"0":{"loc":{"start":{"line":22,"column":39},"end":{"line":22,"column":66}},"type":"default-arg","locations":[{"start":{"line":22,"column":49},"end":{"line":22,"column":66}}],"line":22},"1":{"loc":{"start":{"line":56,"column":58},"end":{"line":56,"column":null}},"type":"binary-expr","locations":[{"start":{"line":56,"column":58},"end":{"line":56,"column":84}},{"start":{"line":56,"column":84},"end":{"line":56,"column":100}},{"start":{"line":56,"column":100},"end":{"line":56,"column":null}}],"line":56},"2":{"loc":{"start":{"line":65,"column":8},"end":{"line":65,"column":null}},"type":"if","locations":[{"start":{"line":65,"column":8},"end":{"line":65,"column":null}},{"start":{},"end":{}}],"line":65},"3":{"loc":{"start":{"line":66,"column":21},"end":{"line":66,"column":null}},"type":"binary-expr","locations":[{"start":{"line":66,"column":21},"end":{"line":66,"column":35}},{"start":{"line":66,"column":35},"end":{"line":66,"column":null}}],"line":66},"4":{"loc":{"start":{"line":67,"column":8},"end":{"line":69,"column":null}},"type":"if","locations":[{"start":{"line":67,"column":8},"end":{"line":69,"column":null}},{"start":{},"end":{}}],"line":67},"5":{"loc":{"start":{"line":67,"column":12},"end":{"line":67,"column":52}},"type":"binary-expr","locations":[{"start":{"line":67,"column":12},"end":{"line":67,"column":35}},{"start":{"line":67,"column":35},"end":{"line":67,"column":52}}],"line":67},"6":{"loc":{"start":{"line":100,"column":4},"end":{"line":100,"column":null}},"type":"if","locations":[{"start":{"line":100,"column":4},"end":{"line":100,"column":null}},{"start":{},"end":{}}],"line":100},"7":{"loc":{"start":{"line":101,"column":4},"end":{"line":104,"column":null}},"type":"if","locations":[{"start":{"line":101,"column":4},"end":{"line":104,"column":null}},{"start":{},"end":{}}],"line":101},"8":{"loc":{"start":{"line":101,"column":8},"end":{"line":101,"column":69}},"type":"binary-expr","locations":[{"start":{"line":101,"column":8},"end":{"line":101,"column":19}},{"start":{"line":101,"column":19},"end":{"line":101,"column":50}},{"start":{"line":101,"column":50},"end":{"line":101,"column":69}}],"line":101},"9":{"loc":{"start":{"line":103,"column":6},"end":{"line":103,"column":null}},"type":"if","locations":[{"start":{"line":103,"column":6},"end":{"line":103,"column":null}},{"start":{},"end":{}}],"line":103},"10":{"loc":{"start":{"line":110,"column":4},"end":{"line":119,"column":null}},"type":"if","locations":[{"start":{"line":110,"column":4},"end":{"line":119,"column":null}},{"start":{},"end":{}}],"line":110},"11":{"loc":{"start":{"line":110,"column":8},"end":{"line":110,"column":46}},"type":"binary-expr","locations":[{"start":{"line":110,"column":8},"end":{"line":110,"column":23}},{"start":{"line":110,"column":23},"end":{"line":110,"column":46}}],"line":110},"12":{"loc":{"start":{"line":111,"column":26},"end":{"line":111,"column":null}},"type":"binary-expr","locations":[{"start":{"line":111,"column":26},"end":{"line":111,"column":65}},{"start":{"line":111,"column":65},"end":{"line":111,"column":null}}],"line":111},"13":{"loc":{"start":{"line":112,"column":6},"end":{"line":118,"column":null}},"type":"if","locations":[{"start":{"line":112,"column":6},"end":{"line":118,"column":null}},{"start":{},"end":{}}],"line":112},"14":{"loc":{"start":{"line":115,"column":8},"end":{"line":117,"column":null}},"type":"if","locations":[{"start":{"line":115,"column":8},"end":{"line":117,"column":null}},{"start":{},"end":{}}],"line":115},"15":{"loc":{"start":{"line":124,"column":4},"end":{"line":142,"column":null}},"type":"if","locations":[{"start":{"line":124,"column":4},"end":{"line":142,"column":null}},{"start":{},"end":{}}],"line":124},"16":{"loc":{"start":{"line":126,"column":6},"end":{"line":141,"column":null}},"type":"if","locations":[{"start":{"line":126,"column":6},"end":{"line":141,"column":null}},{"start":{"line":128,"column":13},"end":{"line":141,"column":null}}],"line":126},"17":{"loc":{"start":{"line":126,"column":10},"end":{"line":126,"column":90}},"type":"binary-expr","locations":[{"start":{"line":126,"column":10},"end":{"line":126,"column":22}},{"start":{"line":126,"column":22},"end":{"line":126,"column":45}},{"start":{"line":126,"column":45},"end":{"line":126,"column":90}}],"line":126},"18":{"loc":{"start":{"line":134,"column":30},"end":{"line":134,"column":null}},"type":"binary-expr","locations":[{"start":{"line":134,"column":30},"end":{"line":134,"column":50}},{"start":{"line":134,"column":50},"end":{"line":134,"column":null}}],"line":134},"19":{"loc":{"start":{"line":163,"column":20},"end":{"line":163,"column":null}},"type":"binary-expr","locations":[{"start":{"line":163,"column":20},"end":{"line":163,"column":45}},{"start":{"line":163,"column":45},"end":{"line":163,"column":null}}],"line":163},"20":{"loc":{"start":{"line":164,"column":6},"end":{"line":166,"column":null}},"type":"if","locations":[{"start":{"line":164,"column":6},"end":{"line":166,"column":null}},{"start":{},"end":{}}],"line":164},"21":{"loc":{"start":{"line":164,"column":10},"end":{"line":164,"column":36}},"type":"binary-expr","locations":[{"start":{"line":164,"column":10},"end":{"line":164,"column":29}},{"start":{"line":164,"column":29},"end":{"line":164,"column":36}}],"line":164},"22":{"loc":{"start":{"line":179,"column":6},"end":{"line":196,"column":null}},"type":"if","locations":[{"start":{"line":179,"column":6},"end":{"line":196,"column":null}},{"start":{"line":181,"column":6},"end":{"line":196,"column":null}}],"line":179},"23":{"loc":{"start":{"line":181,"column":6},"end":{"line":196,"column":null}},"type":"if","locations":[{"start":{"line":181,"column":6},"end":{"line":196,"column":null}},{"start":{"line":192,"column":6},"end":{"line":196,"column":null}}],"line":181},"24":{"loc":{"start":{"line":184,"column":10},"end":{"line":184,"column":null}},"type":"if","locations":[{"start":{"line":184,"column":10},"end":{"line":184,"column":null}},{"start":{},"end":{}}],"line":184},"25":{"loc":{"start":{"line":185,"column":10},"end":{"line":188,"column":null}},"type":"if","locations":[{"start":{"line":185,"column":10},"end":{"line":188,"column":null}},{"start":{},"end":{}}],"line":185},"26":{"loc":{"start":{"line":185,"column":14},"end":{"line":185,"column":56}},"type":"binary-expr","locations":[{"start":{"line":185,"column":14},"end":{"line":185,"column":19}},{"start":{"line":185,"column":19},"end":{"line":185,"column":44}},{"start":{"line":185,"column":44},"end":{"line":185,"column":56}}],"line":185},"27":{"loc":{"start":{"line":187,"column":19},"end":{"line":187,"column":null}},"type":"cond-expr","locations":[{"start":{"line":187,"column":45},"end":{"line":187,"column":51}},{"start":{"line":187,"column":51},"end":{"line":187,"column":null}}],"line":187},"28":{"loc":{"start":{"line":192,"column":6},"end":{"line":196,"column":null}},"type":"if","locations":[{"start":{"line":192,"column":6},"end":{"line":196,"column":null}},{"start":{"line":194,"column":6},"end":{"line":196,"column":null}}],"line":192},"29":{"loc":{"start":{"line":192,"column":17},"end":{"line":192,"column":55}},"type":"binary-expr","locations":[{"start":{"line":192,"column":17},"end":{"line":192,"column":27}},{"start":{"line":192,"column":27},"end":{"line":192,"column":55}}],"line":192},"30":{"loc":{"start":{"line":194,"column":6},"end":{"line":196,"column":null}},"type":"if","locations":[{"start":{"line":194,"column":6},"end":{"line":196,"column":null}},{"start":{},"end":{}}],"line":194},"31":{"loc":{"start":{"line":206,"column":4},"end":{"line":209,"column":null}},"type":"if","locations":[{"start":{"line":206,"column":4},"end":{"line":209,"column":null}},{"start":{},"end":{}}],"line":206},"32":{"loc":{"start":{"line":211,"column":4},"end":{"line":214,"column":null}},"type":"if","locations":[{"start":{"line":211,"column":4},"end":{"line":214,"column":null}},{"start":{},"end":{}}],"line":211},"33":{"loc":{"start":{"line":216,"column":4},"end":{"line":219,"column":null}},"type":"if","locations":[{"start":{"line":216,"column":4},"end":{"line":219,"column":null}},{"start":{},"end":{}}],"line":216},"34":{"loc":{"start":{"line":216,"column":8},"end":{"line":216,"column":32}},"type":"binary-expr","locations":[{"start":{"line":216,"column":8},"end":{"line":216,"column":22}},{"start":{"line":216,"column":22},"end":{"line":216,"column":32}}],"line":216},"35":{"loc":{"start":{"line":221,"column":4},"end":{"line":224,"column":null}},"type":"if","locations":[{"start":{"line":221,"column":4},"end":{"line":224,"column":null}},{"start":{},"end":{}}],"line":221},"36":{"loc":{"start":{"line":229,"column":18},"end":{"line":229,"column":null}},"type":"cond-expr","locations":[{"start":{"line":229,"column":52},"end":{"line":229,"column":77}},{"start":{"line":229,"column":77},"end":{"line":229,"column":null}}],"line":229},"37":{"loc":{"start":{"line":229,"column":18},"end":{"line":229,"column":52}},"type":"binary-expr","locations":[{"start":{"line":229,"column":18},"end":{"line":229,"column":32}},{"start":{"line":229,"column":32},"end":{"line":229,"column":52}}],"line":229},"38":{"loc":{"start":{"line":238,"column":19},"end":{"line":238,"column":null}},"type":"cond-expr","locations":[{"start":{"line":238,"column":32},"end":{"line":238,"column":55}},{"start":{"line":238,"column":55},"end":{"line":238,"column":null}}],"line":238},"39":{"loc":{"start":{"line":239,"column":21},"end":{"line":239,"column":null}},"type":"binary-expr","locations":[{"start":{"line":239,"column":21},"end":{"line":239,"column":47}},{"start":{"line":239,"column":47},"end":{"line":239,"column":null}}],"line":239},"40":{"loc":{"start":{"line":271,"column":14},"end":{"line":273,"column":null}},"type":"cond-expr","locations":[{"start":{"line":272,"column":18},"end":{"line":272,"column":null}},{"start":{"line":273,"column":18},"end":{"line":273,"column":null}}],"line":271},"41":{"loc":{"start":{"line":282,"column":14},"end":{"line":284,"column":null}},"type":"cond-expr","locations":[{"start":{"line":283,"column":18},"end":{"line":283,"column":null}},{"start":{"line":284,"column":18},"end":{"line":284,"column":null}}],"line":282},"42":{"loc":{"start":{"line":292,"column":11},"end":{"line":295,"column":null}},"type":"binary-expr","locations":[{"start":{"line":292,"column":11},"end":{"line":292,"column":null}},{"start":{"line":293,"column":12},"end":{"line":295,"column":null}}],"line":292},"43":{"loc":{"start":{"line":298,"column":11},"end":{"line":431,"column":null}},"type":"binary-expr","locations":[{"start":{"line":298,"column":11},"end":{"line":298,"column":null}},{"start":{"line":299,"column":12},"end":{"line":431,"column":null}}],"line":298},"44":{"loc":{"start":{"line":314,"column":17},"end":{"line":314,"column":null}},"type":"cond-expr","locations":[{"start":{"line":314,"column":39},"end":{"line":314,"column":69}},{"start":{"line":314,"column":69},"end":{"line":314,"column":null}}],"line":314},"45":{"loc":{"start":{"line":314,"column":69},"end":{"line":314,"column":null}},"type":"cond-expr","locations":[{"start":{"line":314,"column":89},"end":{"line":314,"column":124}},{"start":{"line":314,"column":124},"end":{"line":314,"column":null}}],"line":314},"46":{"loc":{"start":{"line":314,"column":124},"end":{"line":314,"column":null}},"type":"cond-expr","locations":[{"start":{"line":314,"column":150},"end":{"line":314,"column":175}},{"start":{"line":314,"column":175},"end":{"line":314,"column":null}}],"line":314},"47":{"loc":{"start":{"line":318,"column":36},"end":{"line":318,"column":58}},"type":"binary-expr","locations":[{"start":{"line":318,"column":36},"end":{"line":318,"column":56}},{"start":{"line":318,"column":56},"end":{"line":318,"column":58}}],"line":318},"48":{"loc":{"start":{"line":318,"column":84},"end":{"line":318,"column":null}},"type":"binary-expr","locations":[{"start":{"line":318,"column":84},"end":{"line":318,"column":107}},{"start":{"line":318,"column":107},"end":{"line":318,"column":null}}],"line":318},"49":{"loc":{"start":{"line":328,"column":26},"end":{"line":328,"column":47}},"type":"binary-expr","locations":[{"start":{"line":328,"column":26},"end":{"line":328,"column":45}},{"start":{"line":328,"column":45},"end":{"line":328,"column":47}}],"line":328},"50":{"loc":{"start":{"line":329,"column":30},"end":{"line":329,"column":46}},"type":"binary-expr","locations":[{"start":{"line":329,"column":30},"end":{"line":329,"column":44}},{"start":{"line":329,"column":44},"end":{"line":329,"column":46}}],"line":329},"51":{"loc":{"start":{"line":332,"column":13},"end":{"line":333,"column":null}},"type":"binary-expr","locations":[{"start":{"line":332,"column":13},"end":{"line":332,"column":null}},{"start":{"line":333,"column":14},"end":{"line":333,"column":null}}],"line":332},"52":{"loc":{"start":{"line":333,"column":97},"end":{"line":333,"column":134}},"type":"cond-expr","locations":[{"start":{"line":333,"column":110},"end":{"line":333,"column":131}},{"start":{"line":333,"column":131},"end":{"line":333,"column":134}}],"line":333},"53":{"loc":{"start":{"line":434,"column":11},"end":{"line":450,"column":null}},"type":"binary-expr","locations":[{"start":{"line":434,"column":11},"end":{"line":434,"column":null}},{"start":{"line":435,"column":12},"end":{"line":450,"column":null}}],"line":434},"54":{"loc":{"start":{"line":468,"column":13},"end":{"line":468,"column":null}},"type":"cond-expr","locations":[{"start":{"line":468,"column":40},"end":{"line":468,"column":65}},{"start":{"line":468,"column":65},"end":{"line":468,"column":null}}],"line":468}},"s":{"0":0,"1":15,"2":15,"3":15,"4":15,"5":15,"6":15,"7":15,"8":15,"9":15,"10":15,"11":15,"12":15,"13":15,"14":15,"15":15,"16":15,"17":5,"18":5,"19":75,"20":15,"21":5,"22":5,"23":5,"24":5,"25":5,"26":0,"27":5,"28":5,"29":0,"30":5,"31":5,"32":15,"33":5,"34":5,"35":5,"36":5,"37":5,"38":15,"39":5,"40":15,"41":7,"42":7,"43":2,"44":5,"45":0,"46":0,"47":0,"48":5,"49":15,"50":9,"51":2,"52":2,"53":2,"54":2,"55":2,"56":2,"57":15,"58":9,"59":2,"60":2,"61":2,"62":2,"63":0,"64":0,"65":0,"66":0,"67":0,"68":0,"69":0,"70":0,"71":15,"72":0,"73":0,"74":0,"75":0,"76":0,"77":0,"78":0,"79":0,"80":0,"81":0,"82":0,"83":0,"84":0,"85":0,"86":0,"87":0,"88":0,"89":0,"90":0,"91":0,"92":0,"93":0,"94":0,"95":0,"96":0,"97":0,"98":0,"99":0,"100":15,"101":1,"102":1,"103":1,"104":0,"105":0,"106":1,"107":1,"108":1,"109":0,"110":0,"111":0,"112":0,"113":0,"114":0,"115":0,"116":0,"117":0,"118":0,"119":0,"120":0,"121":0,"122":0,"123":15,"124":0,"125":0,"126":0,"127":10,"128":0,"129":0,"130":0,"131":0,"132":0,"133":0,"134":0,"135":0,"136":75,"137":0},"f":{"0":15,"1":0,"2":5,"3":75,"4":5,"5":5,"6":5,"7":5,"8":5,"9":7,"10":9,"11":2,"12":9,"13":2,"14":0,"15":0,"16":0,"17":0,"18":0,"19":1,"20":0,"21":0,"22":0,"23":0,"24":10,"25":0,"26":0,"27":0,"28":0,"29":0,"30":0,"31":0,"32":75,"33":0},"b":{"0":[0],"1":[75,0,0],"2":[0,5],"3":[5,0],"4":[0,5],"5":[5,5],"6":[2,5],"7":[0,5],"8":[5,0,0],"9":[0,0],"10":[2,7],"11":[9,7],"12":[2,0],"13":[2,0],"14":[2,0],"15":[2,7],"16":[2,0],"17":[2,2,2],"18":[0,0],"19":[0,0],"20":[0,0],"21":[0,0],"22":[0,0],"23":[0,0],"24":[0,0],"25":[0,0],"26":[0,0,0],"27":[0,0],"28":[0,0],"29":[0,0],"30":[0,0],"31":[0,1],"32":[1,0],"33":[0,0],"34":[0,0],"35":[0,0],"36":[0,0],"37":[0,0],"38":[0,0],"39":[1,0],"40":[15,0],"41":[0,15],"42":[15,1],"43":[15,15],"44":[10,5],"45":[0,5],"46":[0,5],"47":[10,10],"48":[10,5],"49":[0,0],"50":[0,0],"51":[15,0],"52":[0,0],"53":[15,0],"54":[0,15]},"meta":{"lastBranch":55,"lastFunction":34,"lastStatement":138,"seen":{"f:22:24:22:37":0,"b:22:49:22:66":0,"f:22:49:22:55":1,"s:22:55:22:66":0,"s:23:12:23:Infinity":1,"s:24:8:24:Infinity":2,"s:26:34:26:Infinity":3,"s:27:26:27:Infinity":4,"s:28:34:28:Infinity":5,"s:29:32:29:Infinity":6,"s:30:28:30:Infinity":7,"s:31:42:31:Infinity":8,"s:32:22:32:Infinity":9,"s:33:30:33:Infinity":10,"s:34:32:34:Infinity":11,"s:35:24:35:Infinity":12,"s:36:32:36:Infinity":13,"s:37:34:37:Infinity":14,"s:39:46:45:Infinity":15,"s:47:8:57:Infinity":16,"f:47:36:47:42":2,"s:48:45:54:Infinity":17,"s:56:4:56:Infinity":18,"f:56:11:56:12":3,"s:56:58:56:Infinity":19,"b:56:58:56:84:56:84:56:100:56:100:56:Infinity":1,"s:60:2:75:Infinity":20,"f:60:12:60:18":4,"s:61:18:61:Infinity":21,"s:62:5:73:Infinity":22,"f:62:6:62:18":5,"s:63:6:72:Infinity":23,"s:64:21:64:Infinity":24,"b:65:8:65:Infinity:undefined:undefined:undefined:undefined":2,"s:65:8:65:Infinity":25,"s:65:22:65:Infinity":26,"s:66:21:66:Infinity":27,"b:66:21:66:35:66:35:66:Infinity":3,"b:67:8:69:Infinity:undefined:undefined:undefined:undefined":4,"s:67:8:69:Infinity":28,"b:67:12:67:35:67:35:67:52":5,"s:68:10:68:Infinity":29,"s:74:4:74:Infinity":30,"f:74:11:74:17":6,"s:74:19:74:35":31,"s:78:2:85:Infinity":32,"f:78:12:78:18":7,"s:79:18:79:Infinity":33,"s:80:23:80:Infinity":34,"s:81:4:81:Infinity":35,"s:83:4:83:Infinity":36,"s:84:4:84:Infinity":37,"s:88:91:96:Infinity":38,"f:90:13:90:25":8,"s:91:6:91:Infinity":39,"s:98:8:106:Infinity":40,"f:98:41:98:47":9,"s:99:20:99:Infinity":41,"b:100:4:100:Infinity:undefined:undefined:undefined:undefined":6,"s:100:4:100:Infinity":42,"s:100:32:100:Infinity":43,"b:101:4:104:Infinity:undefined:undefined:undefined:undefined":7,"s:101:4:104:Infinity":44,"b:101:8:101:19:101:19:101:50:101:50:101:69":8,"s:102:22:102:Infinity":45,"b:103:6:103:Infinity:undefined:undefined:undefined:undefined":9,"s:103:6:103:Infinity":46,"s:103:33:103:Infinity":47,"s:105:4:105:Infinity":48,"s:109:2:120:Infinity":49,"f:109:12:109:18":10,"b:110:4:119:Infinity:undefined:undefined:undefined:undefined":10,"s:110:4:119:Infinity":50,"b:110:8:110:23:110:23:110:46":11,"s:111:26:111:Infinity":51,"b:111:26:111:65:111:65:111:Infinity":12,"f:111:42:111:43":11,"s:111:49:111:60":52,"b:112:6:118:Infinity:undefined:undefined:undefined:undefined":13,"s:112:6:118:Infinity":53,"s:113:8:113:Infinity":54,"b:115:8:117:Infinity:undefined:undefined:undefined:undefined":14,"s:115:8:117:Infinity":55,"s:116:10:116:Infinity":56,"s:123:2:143:Infinity":57,"f:123:12:123:18":12,"b:124:4:142:Infinity:undefined:undefined:undefined:undefined":15,"s:124:4:142:Infinity":58,"s:125:23:125:Infinity":59,"f:125:39:125:40":13,"s:125:46:125:73":60,"b:126:6:141:Infinity:128:13:141:Infinity":16,"s:126:6:141:Infinity":61,"b:126:10:126:22:126:22:126:45:126:45:126:90":17,"s:127:8:127:Infinity":62,"s:130:9:140:Infinity":63,"f:130:10:130:22":14,"s:131:10:139:Infinity":64,"s:132:25:132:Infinity":65,"s:133:25:133:Infinity":66,"s:134:30:134:Infinity":67,"b:134:30:134:50:134:50:134:Infinity":18,"s:135:12:135:Infinity":68,"s:137:12:137:Infinity":69,"s:138:12:138:Infinity":70,"s:145:8:200:Infinity":71,"f:146:16:146:17":15,"s:159:10:159:Infinity":72,"f:160:15:160:16":16,"s:161:6:161:Infinity":73,"s:162:6:162:Infinity":74,"s:163:20:163:Infinity":75,"b:163:20:163:45:163:45:163:Infinity":19,"b:164:6:166:Infinity:undefined:undefined:undefined:undefined":20,"s:164:6:166:Infinity":76,"b:164:10:164:29:164:29:164:36":21,"s:165:8:165:Infinity":77,"s:167:6:167:Infinity":78,"f:169:13:169:14":17,"s:172:16:172:Infinity":79,"s:173:6:173:Infinity":80,"s:175:20:175:Infinity":81,"s:176:19:176:Infinity":82,"s:177:21:177:Infinity":83,"b:179:6:196:Infinity:181:6:196:Infinity":22,"s:179:6:196:Infinity":84,"s:180:8:180:Infinity":85,"b:181:6:196:Infinity:192:6:196:Infinity":23,"s:181:6:196:Infinity":86,"s:183:22:190:Infinity":87,"f:183:33:183:34":18,"b:184:10:184:Infinity:undefined:undefined:undefined:undefined":24,"s:184:10:184:Infinity":88,"s:184:37:184:Infinity":89,"b:185:10:188:Infinity:undefined:undefined:undefined:undefined":25,"s:185:10:188:Infinity":90,"b:185:14:185:19:185:19:185:44:185:44:185:56":26,"s:186:25:186:Infinity":91,"s:187:12:187:Infinity":92,"b:187:45:187:51:187:51:187:Infinity":27,"s:189:10:189:Infinity":93,"s:191:8:191:Infinity":94,"b:192:6:196:Infinity:194:6:196:Infinity":28,"s:192:6:196:Infinity":95,"b:192:17:192:27:192:27:192:55":29,"s:193:8:193:Infinity":96,"b:194:6:196:Infinity:undefined:undefined:undefined:undefined":30,"s:194:6:196:Infinity":97,"s:195:8:195:Infinity":98,"s:198:6:198:Infinity":99,"s:202:23:250:Infinity":100,"f:202:23:202:24":19,"s:203:4:203:Infinity":101,"s:204:4:204:Infinity":102,"b:206:4:209:Infinity:undefined:undefined:undefined:undefined":31,"s:206:4:209:Infinity":103,"s:207:6:207:Infinity":104,"s:208:6:208:Infinity":105,"b:211:4:214:Infinity:undefined:undefined:undefined:undefined":32,"s:211:4:214:Infinity":106,"s:212:6:212:Infinity":107,"s:213:6:213:Infinity":108,"b:216:4:219:Infinity:undefined:undefined:undefined:undefined":33,"s:216:4:219:Infinity":109,"b:216:8:216:22:216:22:216:32":34,"s:217:6:217:Infinity":110,"s:218:6:218:Infinity":111,"b:221:4:224:Infinity:undefined:undefined:undefined:undefined":35,"s:221:4:224:Infinity":112,"s:222:6:222:Infinity":113,"s:223:6:223:Infinity":114,"s:227:45:227:Infinity":115,"s:228:4:233:Infinity":116,"s:229:6:229:Infinity":117,"b:229:52:229:77:229:77:229:Infinity":36,"b:229:18:229:32:229:32:229:52":37,"s:231:6:231:Infinity":118,"s:232:6:232:Infinity":119,"s:235:29:235:Infinity":120,"f:235:45:235:46":20,"s:235:52:235:79":121,"s:237:4:249:Infinity":122,"b:238:32:238:55:238:55:238:Infinity":38,"b:239:21:239:47:239:47:239:Infinity":39,"s:252:2:472:Infinity":123,"f:269:21:269:27":21,"s:269:27:269:Infinity":124,"b:272:18:272:Infinity:273:18:273:Infinity":40,"f:280:21:280:27":22,"s:280:27:280:Infinity":125,"b:283:18:283:Infinity:284:18:284:Infinity":41,"b:292:11:292:Infinity:293:12:295:Infinity":42,"b:298:11:298:Infinity:299:12:431:Infinity":43,"f:308:24:308:25":23,"s:308:31:308:Infinity":126,"b:314:39:314:69:314:69:314:Infinity":44,"b:314:89:314:124:314:124:314:Infinity":45,"b:314:150:314:175:314:175:314:Infinity":46,"f:316:30:316:31":24,"s:317:16:319:Infinity":127,"b:318:36:318:56:318:56:318:58":47,"b:318:84:318:107:318:107:318:Infinity":48,"f:327:24:327:25":25,"s:328:16:328:Infinity":128,"b:328:26:328:45:328:45:328:47":49,"s:329:16:329:Infinity":129,"b:329:30:329:44:329:44:329:46":50,"b:332:13:332:Infinity:333:14:333:Infinity":51,"b:333:110:333:131:333:131:333:134":52,"f:346:26:346:27":26,"s:346:33:346:Infinity":130,"f:359:26:359:27":27,"s:359:33:359:Infinity":131,"f:374:24:374:25":28,"s:374:31:374:Infinity":132,"f:391:26:391:27":29,"s:391:33:391:Infinity":133,"f:405:26:405:27":30,"s:405:33:405:Infinity":134,"f:420:24:420:25":31,"s:420:31:420:Infinity":135,"f:424:36:424:37":32,"s:425:16:427:Infinity":136,"b:434:11:434:Infinity:435:12:450:Infinity":53,"f:442:26:442:27":33,"s:442:33:442:Infinity":137,"b:468:40:468:65:468:65:468:Infinity":54}}}
,"/Users/mac/Workspace/QuantMate/quantmate-portal/src/components/EmptyState.tsx": {"path":"/Users/mac/Workspace/QuantMate/quantmate-portal/src/components/EmptyState.tsx","statementMap":{"0":{"start":{"line":23,"column":93},"end":{"line":44,"column":null}},"1":{"start":{"line":53,"column":20},"end":{"line":55,"column":null}},"2":{"start":{"line":57,"column":2},"end":{"line":63,"column":null}},"3":{"start":{"line":58,"column":4},"end":{"line":61,"column":null}},"4":{"start":{"line":65,"column":2},"end":{"line":68,"column":null}},"5":{"start":{"line":82,"column":15},"end":{"line":82,"column":null}},"6":{"start":{"line":84,"column":2},"end":{"line":109,"column":null}},"7":{"start":{"line":101,"column":12},"end":{"line":105,"column":null}}},"fnMap":{"0":{"name":"ActionButton","decl":{"start":{"line":46,"column":9},"end":{"line":46,"column":22}},"loc":{"start":{"line":52,"column":3},"end":{"line":70,"column":null}},"line":52},"1":{"name":"EmptyState","decl":{"start":{"line":72,"column":24},"end":{"line":72,"column":35}},"loc":{"start":{"line":81,"column":20},"end":{"line":111,"column":null}},"line":81},"2":{"name":"(anonymous_2)","decl":{"start":{"line":100,"column":29},"end":{"line":100,"column":30}},"loc":{"start":{"line":101,"column":12},"end":{"line":105,"column":null}},"line":101}},"branchMap":{"0":{"loc":{"start":{"line":53,"column":20},"end":{"line":55,"column":null}},"type":"cond-expr","locations":[{"start":{"line":54,"column":6},"end":{"line":54,"column":null}},{"start":{"line":55,"column":6},"end":{"line":55,"column":null}}],"line":53},"1":{"loc":{"start":{"line":57,"column":2},"end":{"line":63,"column":null}},"type":"if","locations":[{"start":{"line":57,"column":2},"end":{"line":63,"column":null}},{"start":{},"end":{}}],"line":57},"2":{"loc":{"start":{"line":78,"column":2},"end":{"line":78,"column":null}},"type":"default-arg","locations":[{"start":{"line":78,"column":18},"end":{"line":78,"column":null}}],"line":78},"3":{"loc":{"start":{"line":80,"column":2},"end":{"line":80,"column":null}},"type":"default-arg","locations":[{"start":{"line":80,"column":14},"end":{"line":80,"column":null}}],"line":80},"4":{"loc":{"start":{"line":94,"column":13},"end":{"line":94,"column":null}},"type":"binary-expr","locations":[{"start":{"line":94,"column":13},"end":{"line":94,"column":27}},{"start":{"line":94,"column":27},"end":{"line":94,"column":null}}],"line":94},"5":{"loc":{"start":{"line":102,"column":38},"end":{"line":102,"column":61}},"type":"binary-expr","locations":[{"start":{"line":102,"column":38},"end":{"line":102,"column":53}},{"start":{"line":102,"column":53},"end":{"line":102,"column":61}}],"line":102}},"s":{"0":3,"1":70,"2":70,"3":69,"4":1,"5":49,"6":49,"7":21},"f":{"0":70,"1":49,"2":21},"b":{"0":[49,21],"1":[69,1],"2":[49],"3":[49],"4":[49,19],"5":[21,0]},"meta":{"lastBranch":6,"lastFunction":3,"lastStatement":8,"seen":{"s:23:93:44:Infinity":0,"f:46:9:46:22":0,"s:53:20:55:Infinity":1,"b:54:6:54:Infinity:55:6:55:Infinity":0,"b:57:2:63:Infinity:undefined:undefined:undefined:undefined":1,"s:57:2:63:Infinity":2,"s:58:4:61:Infinity":3,"s:65:2:68:Infinity":4,"f:72:24:72:35":1,"b:78:18:78:Infinity":2,"b:80:14:80:Infinity":3,"s:82:15:82:Infinity":5,"s:84:2:109:Infinity":6,"b:94:13:94:27:94:27:94:Infinity":4,"f:100:29:100:30":2,"s:101:12:105:Infinity":7,"b:102:38:102:53:102:53:102:61":5}}}
,"/Users/mac/Workspace/QuantMate/quantmate-portal/src/components/EquityCurveChart.tsx": {"path":"/Users/mac/Workspace/QuantMate/quantmate-portal/src/components/EquityCurveChart.tsx","statementMap":{"0":{"start":{"line":49,"column":12},"end":{"line":49,"column":null}},"1":{"start":{"line":51,"column":20},"end":{"line":57,"column":null}},"2":{"start":{"line":52,"column":4},"end":{"line":52,"column":null}},"3":{"start":{"line":52,"column":14},"end":{"line":52,"column":null}},"4":{"start":{"line":53,"column":4},"end":{"line":53,"column":null}},"5":{"start":{"line":53,"column":47},"end":{"line":53,"column":null}},"6":{"start":{"line":54,"column":15},"end":{"line":54,"column":null}},"7":{"start":{"line":55,"column":4},"end":{"line":55,"column":null}},"8":{"start":{"line":55,"column":36},"end":{"line":55,"column":null}},"9":{"start":{"line":56,"column":4},"end":{"line":56,"column":null}},"10":{"start":{"line":59,"column":22},"end":{"line":64,"column":null}},"11":{"start":{"line":60,"column":4},"end":{"line":60,"column":null}},"12":{"start":{"line":60,"column":14},"end":{"line":60,"column":null}},"13":{"start":{"line":61,"column":15},"end":{"line":61,"column":null}},"14":{"start":{"line":62,"column":4},"end":{"line":62,"column":null}},"15":{"start":{"line":62,"column":36},"end":{"line":62,"column":null}},"16":{"start":{"line":63,"column":4},"end":{"line":63,"column":null}},"17":{"start":{"line":66,"column":8},"end":{"line":131,"column":null}},"18":{"start":{"line":67,"column":4},"end":{"line":67,"column":null}},"19":{"start":{"line":67,"column":36},"end":{"line":67,"column":null}},"20":{"start":{"line":70,"column":25},"end":{"line":70,"column":null}},"21":{"start":{"line":71,"column":4},"end":{"line":77,"column":null}},"22":{"start":{"line":72,"column":6},"end":{"line":76,"column":null}},"23":{"start":{"line":73,"column":24},"end":{"line":73,"column":null}},"24":{"start":{"line":74,"column":8},"end":{"line":74,"column":null}},"25":{"start":{"line":74,"column":22},"end":{"line":74,"column":null}},"26":{"start":{"line":75,"column":8},"end":{"line":75,"column":null}},"27":{"start":{"line":80,"column":26},"end":{"line":80,"column":null}},"28":{"start":{"line":81,"column":4},"end":{"line":98,"column":null}},"29":{"start":{"line":82,"column":6},"end":{"line":97,"column":null}},"30":{"start":{"line":83,"column":24},"end":{"line":83,"column":null}},"31":{"start":{"line":84,"column":8},"end":{"line":84,"column":null}},"32":{"start":{"line":84,"column":22},"end":{"line":84,"column":null}},"33":{"start":{"line":86,"column":10},"end":{"line":88,"column":null}},"34":{"start":{"line":89,"column":8},"end":{"line":96,"column":null}},"35":{"start":{"line":90,"column":10},"end":{"line":95,"column":null}},"36":{"start":{"line":101,"column":27},"end":{"line":101,"column":null}},"37":{"start":{"line":102,"column":4},"end":{"line":130,"column":null}},"38":{"start":{"line":103,"column":22},"end":{"line":103,"column":null}},"39":{"start":{"line":104,"column":22},"end":{"line":104,"column":null}},"40":{"start":{"line":105,"column":29},"end":{"line":105,"column":null}},"41":{"start":{"line":106,"column":25},"end":{"line":106,"column":null}},"42":{"start":{"line":109,"column":24},"end":{"line":109,"column":null}},"43":{"start":{"line":110,"column":6},"end":{"line":113,"column":null}},"44":{"start":{"line":111,"column":28},"end":{"line":111,"column":null}},"45":{"start":{"line":112,"column":8},"end":{"line":112,"column":null}},"46":{"start":{"line":115,"column":6},"end":{"line":129,"column":null}},"47":{"start":{"line":133,"column":21},"end":{"line":137,"column":null}},"48":{"start":{"line":134,"column":26},"end":{"line":134,"column":35}},"49":{"start":{"line":135,"column":26},"end":{"line":135,"column":49}},"50":{"start":{"line":135,"column":63},"end":{"line":135,"column":77}},"51":{"start":{"line":136,"column":26},"end":{"line":136,"column":51}},"52":{"start":{"line":136,"column":65},"end":{"line":136,"column":79}},"53":{"start":{"line":138,"column":21},"end":{"line":142,"column":null}},"54":{"start":{"line":139,"column":26},"end":{"line":139,"column":35}},"55":{"start":{"line":140,"column":26},"end":{"line":140,"column":50}},"56":{"start":{"line":140,"column":64},"end":{"line":140,"column":79}},"57":{"start":{"line":141,"column":26},"end":{"line":141,"column":52}},"58":{"start":{"line":141,"column":66},"end":{"line":141,"column":81}},"59":{"start":{"line":143,"column":8},"end":{"line":143,"column":null}},"60":{"start":{"line":145,"column":23},"end":{"line":145,"column":null}},"61":{"start":{"line":145,"column":43},"end":{"line":145,"column":68}},"62":{"start":{"line":146,"column":24},"end":{"line":146,"column":null}},"63":{"start":{"line":146,"column":44},"end":{"line":146,"column":70}},"64":{"start":{"line":147,"column":25},"end":{"line":147,"column":null}},"65":{"start":{"line":147,"column":49},"end":{"line":147,"column":161}},"66":{"start":{"line":148,"column":23},"end":{"line":148,"column":null}},"67":{"start":{"line":149,"column":30},"end":{"line":149,"column":null}},"68":{"start":{"line":150,"column":25},"end":{"line":150,"column":null}},"69":{"start":{"line":150,"column":45},"end":{"line":150,"column":72}},"70":{"start":{"line":152,"column":22},"end":{"line":154,"column":null}},"71":{"start":{"line":153,"column":20},"end":{"line":153,"column":59}},"72":{"start":{"line":154,"column":32},"end":{"line":154,"column":61}},"73":{"start":{"line":155,"column":19},"end":{"line":155,"column":null}},"74":{"start":{"line":156,"column":19},"end":{"line":156,"column":null}},"75":{"start":{"line":157,"column":8},"end":{"line":157,"column":null}},"76":{"start":{"line":159,"column":8},"end":{"line":349,"column":null}},"77":{"start":{"line":159,"column":47},"end":{"line":349,"column":6}},"78":{"start":{"line":206,"column":22},"end":{"line":206,"column":null}},"79":{"start":{"line":207,"column":8},"end":{"line":207,"column":null}},"80":{"start":{"line":207,"column":32},"end":{"line":207,"column":null}},"81":{"start":{"line":208,"column":22},"end":{"line":208,"column":null}},"82":{"start":{"line":209,"column":8},"end":{"line":209,"column":null}},"83":{"start":{"line":209,"column":20},"end":{"line":209,"column":null}},"84":{"start":{"line":211,"column":21},"end":{"line":211,"column":null}},"85":{"start":{"line":212,"column":8},"end":{"line":212,"column":null}},"86":{"start":{"line":213,"column":8},"end":{"line":219,"column":null}},"87":{"start":{"line":214,"column":10},"end":{"line":218,"column":null}},"88":{"start":{"line":215,"column":12},"end":{"line":215,"column":null}},"89":{"start":{"line":217,"column":12},"end":{"line":217,"column":null}},"90":{"start":{"line":220,"column":8},"end":{"line":227,"column":null}},"91":{"start":{"line":221,"column":10},"end":{"line":223,"column":null}},"92":{"start":{"line":222,"column":12},"end":{"line":222,"column":null}},"93":{"start":{"line":224,"column":10},"end":{"line":224,"column":null}},"94":{"start":{"line":224,"column":34},"end":{"line":224,"column":null}},"95":{"start":{"line":225,"column":24},"end":{"line":225,"column":null}},"96":{"start":{"line":226,"column":10},"end":{"line":226,"column":null}},"97":{"start":{"line":228,"column":8},"end":{"line":228,"column":null}},"98":{"start":{"line":233,"column":37},"end":{"line":233,"column":47}},"99":{"start":{"line":254,"column":40},"end":{"line":254,"column":null}},"100":{"start":{"line":268,"column":40},"end":{"line":268,"column":null}},"101":{"start":{"line":276,"column":39},"end":{"line":276,"column":52}},"102":{"start":{"line":301,"column":16},"end":{"line":303,"column":null}},"103":{"start":{"line":316,"column":45},"end":{"line":316,"column":69}},"104":{"start":{"line":328,"column":43},"end":{"line":328,"column":66}},"105":{"start":{"line":340,"column":43},"end":{"line":340,"column":68}},"106":{"start":{"line":351,"column":2},"end":{"line":357,"column":null}},"107":{"start":{"line":352,"column":4},"end":{"line":355,"column":null}},"108":{"start":{"line":359,"column":2},"end":{"line":362,"column":null}}},"fnMap":{"0":{"name":"EquityCurveChart","decl":{"start":{"line":40,"column":24},"end":{"line":40,"column":41}},"loc":{"start":{"line":48,"column":26},"end":{"line":364,"column":null}},"line":48},"1":{"name":"(anonymous_1)","decl":{"start":{"line":51,"column":20},"end":{"line":51,"column":21}},"loc":{"start":{"line":51,"column":64},"end":{"line":57,"column":null}},"line":51},"2":{"name":"(anonymous_2)","decl":{"start":{"line":59,"column":22},"end":{"line":59,"column":23}},"loc":{"start":{"line":59,"column":59},"end":{"line":64,"column":null}},"line":59},"3":{"name":"(anonymous_3)","decl":{"start":{"line":66,"column":28},"end":{"line":66,"column":34}},"loc":{"start":{"line":66,"column":34},"end":{"line":131,"column":5}},"line":66},"4":{"name":"(anonymous_4)","decl":{"start":{"line":72,"column":28},"end":{"line":72,"column":37}},"loc":{"start":{"line":72,"column":37},"end":{"line":76,"column":7}},"line":72},"5":{"name":"(anonymous_5)","decl":{"start":{"line":82,"column":29},"end":{"line":82,"column":38}},"loc":{"start":{"line":82,"column":38},"end":{"line":97,"column":7}},"line":82},"6":{"name":"(anonymous_6)","decl":{"start":{"line":102,"column":20},"end":{"line":102,"column":21}},"loc":{"start":{"line":102,"column":38},"end":{"line":130,"column":5}},"line":102},"7":{"name":"(anonymous_7)","decl":{"start":{"line":134,"column":21},"end":{"line":134,"column":26}},"loc":{"start":{"line":134,"column":26},"end":{"line":134,"column":35}},"line":134},"8":{"name":"(anonymous_8)","decl":{"start":{"line":135,"column":21},"end":{"line":135,"column":26}},"loc":{"start":{"line":135,"column":26},"end":{"line":135,"column":49}},"line":135},"9":{"name":"(anonymous_9)","decl":{"start":{"line":135,"column":58},"end":{"line":135,"column":63}},"loc":{"start":{"line":135,"column":63},"end":{"line":135,"column":77}},"line":135},"10":{"name":"(anonymous_10)","decl":{"start":{"line":136,"column":21},"end":{"line":136,"column":26}},"loc":{"start":{"line":136,"column":26},"end":{"line":136,"column":51}},"line":136},"11":{"name":"(anonymous_11)","decl":{"start":{"line":136,"column":60},"end":{"line":136,"column":65}},"loc":{"start":{"line":136,"column":65},"end":{"line":136,"column":79}},"line":136},"12":{"name":"(anonymous_12)","decl":{"start":{"line":139,"column":21},"end":{"line":139,"column":26}},"loc":{"start":{"line":139,"column":26},"end":{"line":139,"column":35}},"line":139},"13":{"name":"(anonymous_13)","decl":{"start":{"line":140,"column":21},"end":{"line":140,"column":26}},"loc":{"start":{"line":140,"column":26},"end":{"line":140,"column":50}},"line":140},"14":{"name":"(anonymous_14)","decl":{"start":{"line":140,"column":59},"end":{"line":140,"column":64}},"loc":{"start":{"line":140,"column":64},"end":{"line":140,"column":79}},"line":140},"15":{"name":"(anonymous_15)","decl":{"start":{"line":141,"column":21},"end":{"line":141,"column":26}},"loc":{"start":{"line":141,"column":26},"end":{"line":141,"column":52}},"line":141},"16":{"name":"(anonymous_16)","decl":{"start":{"line":141,"column":61},"end":{"line":141,"column":66}},"loc":{"start":{"line":141,"column":66},"end":{"line":141,"column":81}},"line":141},"17":{"name":"(anonymous_17)","decl":{"start":{"line":145,"column":38},"end":{"line":145,"column":43}},"loc":{"start":{"line":145,"column":43},"end":{"line":145,"column":68}},"line":145},"18":{"name":"(anonymous_18)","decl":{"start":{"line":146,"column":39},"end":{"line":146,"column":44}},"loc":{"start":{"line":146,"column":44},"end":{"line":146,"column":70}},"line":146},"19":{"name":"(anonymous_19)","decl":{"start":{"line":147,"column":42},"end":{"line":147,"column":43}},"loc":{"start":{"line":147,"column":49},"end":{"line":147,"column":161}},"line":147},"20":{"name":"(anonymous_20)","decl":{"start":{"line":150,"column":40},"end":{"line":150,"column":45}},"loc":{"start":{"line":150,"column":45},"end":{"line":150,"column":72}},"line":150},"21":{"name":"(anonymous_21)","decl":{"start":{"line":153,"column":13},"end":{"line":153,"column":14}},"loc":{"start":{"line":153,"column":20},"end":{"line":153,"column":59}},"line":153},"22":{"name":"(anonymous
[...]
":{"start":{"line":262,"column":151},"end":{"line":262,"column":201}},"line":262},"31":{"name":"(anonymous_31)","decl":{"start":{"line":265,"column":55},"end":{"line":265,"column":56}},"loc":{"start":{"line":265,"column":66},"end":{"line":265,"column":119}},"line":265},"32":{"name":"(anonymous_32)","decl":{"start":{"line":269,"column":56},"end":{"line":269,"column":57}},"loc":{"start":{"line":269,"column":67},"end":{"line":269,"column":121}},"line":269},"33":{"name":"(anonymous_33)","decl":{"start":{"line":274,"column":154},"end":{"line":274,"column":155}},"loc":{"start":{"line":274,"column":165},"end":{"line":274,"column":214}},"line":274},"34":{"name":"(anonymous_34)","decl":{"start":{"line":275,"column":160},"end":{"line":275,"column":161}},"loc":{"start":{"line":275,"column":171},"end":{"line":275,"column":223}},"line":275},"35":{"name":"(anonymous_35)","decl":{"start":{"line":277,"column":144},"end":{"line":277,"column":145}},"loc":{"start":{"line":277,"column":155},"end":{"line":277,"column":207}},"line":277}},"branchMap":{"0":{"loc":{"start":{"line":63,"column":16},"end":{"line":63,"column":28}},"type":"default-arg","locations":[{"start":{"line":63,"column":25},"end":{"line":63,"column":28}}],"line":63},"1":{"loc":{"start":{"line":66,"column":38},"end":{"line":66,"column":86}},"type":"cond-expr","locations":[{"start":{"line":66,"column":64},"end":{"line":66,"column":76}},{"start":{"line":66,"column":76},"end":{"line":66,"column":86}}],"line":66},"2":{"loc":{"start":{"line":68,"column":15},"end":{"line":68,"column":null}},"type":"cond-expr","locations":[{"start":{"line":68,"column":34},"end":{"line":68,"column":38}},{"start":{"line":68,"column":38},"end":{"line":68,"column":null}}],"line":68},"3":{"loc":{"start":{"line":68,"column":38},"end":{"line":68,"column":null}},"type":"binary-expr","locations":[{"start":{"line":68,"column":38},"end":{"line":68,"column":49}},{"start":{"line":68,"column":49},"end":{"line":68,"column":null}}],"line":68},"4":{"loc":{"start":{"line":100,"column":34},"end":{"line":100,"column":167}},"type":"binary-expr","locations":[{"start":{"line":100,"column":45},"end":{"line":100,"column":56}},{"start":{"line":100,"column":56},"end":{"line":100,"column":120}},{"start":{"line":100,"column":120},"end":{"line":100,"column":137}},{"start":{"line":100,"column":137},"end":{"line":100,"column":167}}],"line":100},"5":{"loc":{"start":{"line":105,"column":38},"end":{"line":105,"column":94}},"type":"binary-expr","locations":[{"start":{"line":105,"column":38},"end":{"line":105,"column":68}},{"start":{"line":105,"column":68},"end":{"line":105,"column":94}}],"line":105},"6":{"loc":{"start":{"line":114,"column":41},"end":{"line":114,"column":97}},"type":"cond-expr","locations":[{"start":{"line":114,"column":69},"end":{"line":114,"column":81}},{"start":{"line":114,"column":81},"end":{"line":114,"column":97}}],"line":114},"7":{"loc":{"start":{"line":114,"column":97},"end":{"line":114,"column":168}},"type":"cond-expr","locations":[{"start":{"line":114,"column":125},"end":{"line":114,"column":147}},{"start":{"line":114,"column":147},"end":{"line":114,"column":168}}],"line":114},"8":{"loc":{"start":{"line":119,"column":86},"end":{"line":119,"column":108}},"type":"binary-expr","locations":[{"start":{"line":119,"column":86},"end":{"line":119,"column":106}},{"start":{"line":119,"column":106},"end":{"line":119,"column":108}}],"line":119},"9":{"loc":{"start":{"line":125,"column":15},"end":{"line":125,"column":null}},"type":"cond-expr","locations":[{"start":{"line":125,"column":24},"end":{"line":125,"column":81}},{"start":{"line":125,"column":81},"end":{"line":125,"column":null}}],"line":125},"10":{"loc":{"start":{"line":128,"column":83},"end":{"line":128,"column":105}},"type":"binary-expr","locations":[{"start":{"line":128,"column":83},"end":{"line":128,"column":101}},{"start":{"line":128,"column":101},"end":{"line":128,"column":105}}],"line":128},"11":{"loc":{"start":{"line":134,"column":8},"end":{"line":139,"column":null}},"type":"cond-expr","locations":[{"start":{"line":135,"column":10},"end":{"line":138,"column":null}},{"start":{"line":139,"column":12},"end":{"line":139,"column":null}}],"line":134},"12":{"loc":{"start":{"line":134,"column":8},"end":{"line":134,"column":null}},"type":"binary-expr","locations":[{"start":{"line":134,"column":8},"end":{"line":134,"column":38}},{"start":{"line":134,"column":38},"end":{"line":134,"column":null}}],"line":134},"13":{"loc":{"start":{"line":148,"column":41},"end":{"line":148,"column":97}},"type":"cond-expr","locations":[{"start":{"line":148,"column":69},"end":{"line":148,"column":81}},{"start":{"line":148,"column":81},"end":{"line":148,"column":97}}],"line":148},"14":{"loc":{"start":{"line":148,"column":97},"end":{"line":148,"column":168}},"type":"cond-expr","locations":[{"start":{"line":148,"column":125},"end":{"line":148,"column":147}},{"start":{"line":148,"column":147},"end":{"line":148,"column":168}}],"line":148},"15":{"loc":{"start":{"line":152,"column":83},"end":{"line":152,"column":105}},"type":"binary-expr","locations":[{"start":{"line":152,"column":83},"end":{"line":152,"column":101}},{"start":{"line":152,"column":101},"end":{"line":152,"column":105}}],"line":152},"16":{"loc":{"start":{"line":170,"column":9},"end":{"line":183,"column":null}},"type":"binary-expr","locations":[{"start":{"line":170,"column":9},"end":{"line":170,"column":null}},{"start":{"line":171,"column":10},"end":{"line":183,"column":null}}],"line":170},"17":{"loc":{"start":{"line":186,"column":9},"end":{"line":193,"column":null}},"type":"binary-expr","locations":[{"start":{"line":186,"column":9},"end":{"line":186,"column":null}},{"start":{"line":187,"column":10},"end":{"line":193,"column":null}}],"line":186},"18":{"loc":{"start":{"line":196,"column":9},"end":{"line":216,"column":null}},"type":"binary-expr","locations":[{"start":{"line":196,"column":9},"end":{"line":196,"column":null}},{"start":{"line":197,"column":10},"end":{"line":216,"column":null}}],"line":196},"19":{"loc":{"start":{"line":219,"column":9},"end":{"line":242,"column":null}},"type":"binary-expr","locations":[{"start":{"line":219,"column":9},"end":{"line":219,"column":null}},{"start":{"line":220,"column":10},"end":{"line":242,"column":null}}],"line":219},"20":{"loc":{"start":{"line":255,"column":70},"end":{"line":255,"column":102}},"type":"binary-expr","locations":[{"start":{"line":255,"column":70},"end":{"line":255,"column":86}},{"start":{"line":255,"column":86},"end":{"line":255,"column":102}}],"line":255}},"s":{"0":17,"1":17,"2":17,"3":17,"4":17,"5":17,"6":17,"7":17,"8":17,"9":17,"10":10,"11":9,"12":9,"13":17,"14":0,"15":0,"16":0,"17":0,"18":17,"19":0,"20":0,"21":0,"22":0,"23":0,"24":0,"25":17,"26":8,"27":17,"28":8,"29":8,"30":8,"31":17,"32":8,"33":8,"34":8,"35":8,"36":8,"37":8,"38":8,"39":8,"40":0,"41":17,"42":0,"43":0,"44":0,"45":0,"46":17,"47":1,"48":0,"49":0,"50":0,"51":0,"52":0,"53":0,"54":0,"55":0,"56":0,"57":0},"f":{"0":17,"1":10,"2":9,"3":0,"4":0,"5":0,"6":0,"7":0,"8":0,"9":8,"10":8,"11":8,"12":8,"13":8,"14":8,"15":8,"16":8,"17":8,"18":8,"19":8,"20":0,"21":0,"22":0,"23":0,"24":0,"25":1,"26":0,"27":0,"28":0,"29":0,"30":0,"31":0,"32":0,"33":0,"34":0,"35":0},"b":{"0":[17],"1":[0,10],"2":[9,0],"3":[0,0],"4":[8,0,8,0],"5":[8,4],"6":[4,4],"7":[4,4],"8":[8,0],"9":[8,0],"10":[8,0],"11":[4,4],"12":[8,4],"13":[0,0],"14":[0,0],"15":[0,0],"16":[17,15],"17":[17,0],"18":[17,0],"19":[17,2],"20":[17,0]},"meta":{"lastBranch":21,"lastFunction":36,"lastStatement":58,"seen":{"f:29:24:29:34":0,"s:30:12:30:Infinity":0,"s:31:8:31:Infinity":1,"s:32:32:32:Infinity":2,"s:33:34:33:Infinity":3,"s:34:26:34:Infinity":4,"s:35:38:35:Infinity":5,"s:36:22:43:Infinity":6,"s:45:15:50:Infinity":7,"s:55:6:61:Infinity":8,"s:63:28:71:Infinity":9,"b:63:25:63:28":0,"f:65:13:65:Infinity":1,"s:66:6:69:Infinity":10,"b:66:64:66:76:66:76:66:86":1,"f:66:94:66:95":2,"s:67:18:67:Infinity":11,"s:68:8:68:Infinity":12,"b:68:34:68:38:68:38:68:Infinity":2,"b:68:38:68:49:68:49:68:Infinity":3,"s:73:8:80:Infinity":13,"f:74:16:74:17":3,"s:74:32:74:Infinity":14,"f:75:15:75:21":4,"s:76:6:76:Infinity":15,"s:77:6:77:Infinity":16,"f:79:13:79:19":5,"s:79:13:79:Infinity":17,"s:82:8:98:Infinity":18,"f:83:16:83:Infinity":6,"s:84:6:90:Infinity":19,"f:91:15:91:21":7,"s:92:6:92:Infinity":20,"s:93:6:93:Infinity":21,"s:94:6:94:Infinity":22,"s:95:6:95:Infinity":23,"f:97:13:97:19":8,"s:97:13:97:Infinity":24,"s:100:19:100:Infinity":25,"f:100:33:100:34":9,"s:100:34:100:167":26,"b:100:45:100:56:100:56:100:120:100:120:100:137:100:137:100:167":4,"s:102:21:107:Infinity":27,"f:104:26:104:27":10,"s:104:37:104:62":28,"f:105:27:105:28":11,"s:105:38:105:94":29,"b:105:38:105:68:105:68:105:94":5,"f:106:29:106:30":12,"s:106:40:106:68":30,"s:109:39:141:Infinity":31,"f:114:14:114:15":13,"s:114:25:114:Infinity":32,"b:114:69:114:81:114:81:114:97":6,"b:114:125:114:147:114:147:114:168":7,"f:117:71:117:72":14,"s:117:82:117:111":33,"f:119:75:119:76":15,"s:119:86:119:108":34,"b:119:86:119:106:119:106:119:108":8,"f:123:14:123:15":16,"s:124:23:124:Infinity":35,"s:125:8:125:Infinity":36,"b:125:24:125:81:125:81:125:Infinity":9,"f:128:72:128:73":17,"s:128:83:128:105":37,"b:128:83:128:101:128:101:128:105":10,"f:129:70:129:71":18,"s:129:81:129:129":38,"f:133:14:133:15":19,"s:134:8:139:Infinity":39,"b:135:10:138:Infinity:139:12:139:Infinity":11,"b:134:8:134:38:134:38:134:Infinity":12,"f:135:27:135:33":20,"s:135:33:135:66":40,"s:143:38:154:Infinity":41,"f:148:14:148:15":21,"s:148:25:148:Infinity":42,"b:148:69:148:81:148:81:148:97":13,"b:148:125:148:147:148:147:148:168":14,"f:150:71:150:72":22,"s:150:82:150:111":43,"f:152:72:152:73":23,"s:152:83:152:105":44,"b:152:83:152:101:152:101:152:105":15,"f:153:75:153:76":24,"s:153:86:153:134":45,"s:156:2:280:Infinity":46,"f:163:25:163:31":25,"s:163:31:163:52":47,"b:170:9:170:Infinity:171:10:183:Infinity":16,"b:186:9:186:Infinity:187:10:193:Infinity":17,"f:192:66:192:67":26,"s:192:77:192:102":48,"b:196:9:196:Infinity:197:10:216:Infinity":18,"b:219:9:219:Infinity:220:10:242:Infinity":19,"f:248:17:248:23":27,"s:248:23:248:Infinity":49,"f:252:29:252:35":28,"s:252:35:252:57":50,"f:255:29:255:35":29,"s:255:35:255:60":51,"b:255:70:255:86:255:86:255:102":20,"f:262:140:262:141":30,"s:262:151:262:201":52,"f:265:55:265:56":31,"s:265:66:265:119":53,"f:269:56:269:57":32,"s:269:67:269:121":54,"f:274:154:274:155":33,"s:274:165:274:214":55,"f:275:160:275:161":34,"s:275:171:275:223":56,"f:277:144:277:145":35,"s:277:155:277:207":57}}}
,"/Users/mac/Workspace/QuantMate/quantmate-portal/src/pages/VisualExplorer.tsx": {"path":"/Users/mac/Workspace/QuantMate/quantmate-portal/src/pages/VisualExplorer.tsx","statementMap":{"0":{"start":{"line":5,"column":2},"end":{"line":5,"column":null}}},"fnMap":{"0":{"name":"VisualExplorer","decl":{"start":{"line":4,"column":24},"end":{"line":4,"column":41}},"loc":{"start":{"line":4,"column":41},"end":{"line":6,"column":null}},"line":4}},"branchMap":{},"s":{"0":1},"f":{"0":1},"b":{},"meta":{"lastBranch":0,"lastFunction":1,"lastStatement":1,"seen":{"f:4:24:4:41":0,"s:5:2:5:Infinity":0}}}
,"/Users/mac/Workspace/QuantMate/quantmate-portal/src/pages/auth/Login.tsx": {"path":"/Users/mac/Workspace/QuantMate/quantmate-portal/src/pages/auth/Login.tsx","statementMap":{"0":{"start":{"line":11,"column":18},"end":{"line":11,"column":null}},"1":{"start":{"line":12,"column":30},"end":{"line":12,"column":null}},"2":{"start":{"line":13,"column":30},"end":{"line":13,"column":null}},"3":{"start":{"line":14,"column":24},"end":{"line":14,"column":null}},"4":{"start":{"line":15,"column":8},"end":{"line":15,"column":null}},"5":{"start":{"line":16,"column":18},"end":{"line":16,"column":null}},"6":{"start":{"line":17,"column":26},"end":{"line":17,"column":null}},"7":{"start":{"line":19,"column":2},"end":{"line":23,"column":null}},"8":{"start":{"line":20,"column":4},"end":{"line":22,"column":null}},"9":{"start":{"line":21,"column":6},"end":{"line":21,"column":null}},"10":{"start":{"line":25,"column":8},"end":{"line":42,"column":null}},"11":{"start":{"line":26,"column":22},"end":{"line":26,"column":null}},"12":{"start":{"line":28,"column":52},"end":{"line":28,"column":null}},"13":{"start":{"line":29,"column":6},"end":{"line":29,"column":null}},"14":{"start":{"line":30,"column":6},"end":{"line":30,"column":null}},"15":{"start":{"line":33,"column":28},"end":{"line":33,"column":null}},"16":{"start":{"line":36,"column":6},"end":{"line":40,"column":null}},"17":{"start":{"line":44,"column":23},"end":{"line":48,"column":null}},"18":{"start":{"line":45,"column":4},"end":{"line":45,"column":null}},"19":{"start":{"line":46,"column":4},"end":{"line":46,"column":null}},"20":{"start":{"line":47,"column":4},"end":{"line":47,"column":null}},"21":{"start":{"line":50,"column":26},"end":{"line":50,"column":null}},"22":{"start":{"line":52,"column":25},"end":{"line":56,"column":null}},"23":{"start":{"line":53,"column":17},"end":{"line":53,"column":null}},"24":{"start":{"line":54,"column":4},"end":{"line":54,"column":null}},"25":{"start":{"line":55,"column":4},"end":{"line":55,"column":null}},"26":{"start":{"line":58,"column":2},"end":{"line":137,"column":null}},"27":{"start":{"line":100,"column":37},"end":{"line":100,"column":null}},"28":{"start":{"line":114,"column":37},"end":{"line":114,"column":null}}},"fnMap":{"0":{"name":"Login","decl":{"start":{"line":10,"column":24},"end":{"line":10,"column":32}},"loc":{"start":{"line":10,"column":32},"end":{"line":139,"column":null}},"line":10},"1":{"name":"(anonymous_1)","decl":{"start":{"line":19,"column":12},"end":{"line":19,"column":18}},"loc":{"start":{"line":19,"column":18},"end":{"line":23,"column":5}},"line":19},"2":{"name":"(anonymous_2)","decl":{"start":{"line":26,"column":16},"end":{"line":26,"column":22}},"loc":{"start":{"line":26,"column":22},"end":{"line":26,"column":null}},"line":26},"3":{"name":"(anonymous_3)","decl":{"start":{"line":27,"column":15},"end":{"line":27,"column":16}},"loc":{"start":{"line":27,"column":29},"end":{"line":31,"column":null}},"line":27},"4":{"name":"(anonymous_4)","decl":{"start":{"line":32,"column":13},"end":{"line":32,"column":14}},"loc":{"start":{"line":32,"column":31},"end":{"line":41,"column":null}},"line":32},"5":{"name":"(anonymous_5)","decl":{"start":{"line":44,"column":23},"end":{"line":44,"column":24}},"loc":{"start":{"line":44,"column":51},"end":{"line":48,"column":null}},"line":44},"6":{"name":"(anonymous_6)","decl":{"start":{"line":52,"column":25},"end":{"line":52,"column":31}},"loc":{"start":{"line":52,"column":31},"end":{"line":56,"column":null}},"line":52},"7":{"name":"(anonymous_7)","decl":{"start":{"line":100,"column":26},"end":{"line":100,"column":27}},"loc":{"start":{"line":100,"column":37},"end":{"line":100,"column":null}},"line":100},"8":{"name":"(anonymous_8)","decl":{"start":{"line":114,"column":26},"end":{"line":114,"column":27}},"loc":{"start":{"line":114,"column":37},"end":{"line":114,"column":null}},"line":114}},"branchMap":{"0":{"loc":{"start":{"line":20,"column":4},"end":{"line":22,"column":null}},"type":"if","locations":[{"start":{"line":20,"column":4},"end":{"line":22,"column":null}},{"start":{},"end":{}}],"line":20},"1":{"loc":{"start":{"line":37,"column":8},"end":{"line":39,"column":null}},"type":"binary-expr","locations":[{"start":{"line":37,"column":8},"end":{"line":37,"column":null}},{"start":{"line":38,"column":10},"end":{"line":38,"column":null}},{"start":{"line":39,"column":10},"end":{"line":39,"column":null}}],"line":37},"2":{"loc":{"start":{"line":50,"column":26},"end":{"line":50,"column":null}},"type":"binary-expr","locations":[{"start":{"line":50,"column":26},"end":{"line":50,"column":51}},{"start":{"line":50,"column":51},"end":{"line":50,"column":null}}],"line":50},"3":{"loc":{"start":{"line":53,"column":17},"end":{"line":53,"column":null}},"type":"cond-expr","locations":[{"start":{"line":53,"column":52},"end":{"line":53,"column":59}},{"start":{"line":53,"column":59},"end":{"line":53,"column":null}}],"line":53},"4":{"loc":{"start":{"line":68,"column":17},"end":{"line":68,"column":69}},"type":"cond-expr","locations":[{"start":{"line":68,"column":52},"end":{"line":68,"column":64}},{"start":{"line":68,"column":64},"end":{"line":68,"column":69}}],"line":68},"5":{"loc":{"start":{"line":86,"column":13},"end":{"line":89,"column":null}},"type":"binary-expr","locations":[{"start":{"line":86,"column":13},"end":{"line":86,"column":null}},{"start":{"line":87,"column":14},"end":{"line":89,"column":null}}],"line":86},"6":{"loc":{"start":{"line":125,"column":15},"end":{"line":125,"column":null}},"type":"cond-expr","locations":[{"start":{"line":125,"column":41},"end":{"line":125,"column":58}},{"start":{"line":125,"column":58},"end":{"line":125,"column":null}}],"line":125}},"s":{"0":53,"1":53,"2":53,"3":53,"4":53,"5":53,"6":53,"7":53,"8":6,"9":0,"10":53,"11":2,"12":1,"13":1,"14":1,"15":1,"16":1,"17":53,"18":2,"19":2,"20":2,"21":53,"22":53,"23":0,"24":0,"25":0,"26":53,"27":16,"28":24},"f":{"0":53,"1":6,"2":2,"3":1,"4":1,"5":2,"6":0,"7":16,"8":24},"b":{"0":[0,6],"1":[1,1,0],"2":[53,0],"3":[0,0],"4":[0,53],"5":[53,2],"6":[2,51]},"meta":{"lastBranch":7,"lastFunction":9,"lastStatement":29,"seen":{"f:10:24:10:32":0,"s:11:18:11:Infinity":0,"s:12:30:12:Infinity":1,"s:13:30:13:Infinity":2,"s:14:24:14:Infinity":3,"s:15:8:15:Infinity":4,"s:16:18:16:Infinity":5,"s:17:26:17:Infinity":6,"s:19:2:23:Infinity":7,"f:19:12:19:18":1,"b:20:4:22:Infinity:undefined:undefined:undefined:undefined":0,"s:20:4:22:Infinity":8,"s:21:6:21:Infinity":9,"s:25:8:42:Infinity":10,"f:26:16:26:22":2,"s:26:22:26:Infinity":11,"f:27:15:27:16":3,"s:28:52:28:Infinity":12,"s:29:6:29:Infinity":13,"s:30:6:30:Infinity":14,"f:32:13:32:14":4,"s:33:28:33:Infinity":15,"s:36:6:40:Infinity":16,"b:37:8:37:Infinity:38:10:38:Infinity:39:10:39:Infinity":1,"s:44:23:48:Infinity":17,"f:44:23:44:24":5,"s:45:4:45:Infinity":18,"s:46:4:46:Infinity":19,"s:47:4:47:Infinity":20,"s:50:26:50:Infinity":21,"b:50:26:50:51:50:51:50:Infinity":2,"s:52:25:56:Infinity":22,"f:52:25:52:31":6,"s:53:17:53:Infinity":23,"b:53:52:53:59:53:59:53:Infinity":3,"s:54:4:54:Infinity":24,"s:55:4:55:Infinity":25,"s:58:2:137:Infinity":26,"b:68:52:68:64:68:64:68:69":4,"b:86:13:86:Infinity:87:14:89:Infinity":5,"f:100:26:100:27":7,"s:100:37:100:Infinity":27,"f:114:26:114:27":8,"s:114:37:114:Infinity":28,"b:125:41:125:58:125:58:125:Infinity":6}}}
,"/Users/mac/Workspace/QuantMate/quantmate-portal/src/stores/auth.ts": {"path":"/Users/mac/Workspace/QuantMate/quantmate-portal/src/stores/auth.ts","statementMap":{"0":{"start":{"line":25,"column":13},"end":{"line":49,"column":null}},"1":{"start":{"line":27,"column":14},"end":{"line":44,"column":null}},"2":{"start":{"line":34,"column":8},"end":{"line":34,"column":null}},"3":{"start":{"line":35,"column":8},"end":{"line":35,"column":null}},"4":{"start":{"line":36,"column":8},"end":{"line":36,"column":null}},"5":{"start":{"line":40,"column":8},"end":{"line":40,"column":null}},"6":{"start":{"line":41,"column":8},"end":{"line":41,"column":null}},"7":{"start":{"line":42,"column":8},"end":{"line":42,"column":null}}},"fnMap":{"0":{"name":"(anonymous_0)","decl":{"start":{"line":27,"column":4},"end":{"line":27,"column":5}},"loc":{"start":{"line":27,"column":14},"end":{"line":44,"column":null}},"line":27},"1":{"name":"(anonymous_1)","decl":{"start":{"line":33,"column":15},"end":{"line":33,"column":16}},"loc":{"start":{"line":33,"column":52},"end":{"line":37,"column":null}},"line":33},"2":{"name":"(anonymous_2)","decl":{"start":{"line":39,"column":14},"end":{"line":39,"column":20}},"loc":{"start":{"line":39,"column":20},"end":{"line":43,"column":null}},"line":39}},"branchMap":{},"s":{"0":3,"1":3,"2":19,"3":19,"4":19,"5":9,"6":9,"7":9},"f":{"0":3,"1":19,"2":9},"b":{},"meta":{"lastBranch":0,"lastFunction":3,"lastStatement":8,"seen":{"s:25:13:49:Infinity":0,"f:27:4:27:5":0,"s:27:14:44:Infinity":1,"f:33:15:33:16":1,"s:34:8:34:Infinity":2,"s:35:8:35:Infinity":3,"s:36:8:36:Infinity":4,"f:39:14:39:20":2,"s:40:8:40:Infinity":5,"s:41:8:41:Infinity":6,"s:42:8:42:Infinity":7}}}
}
